#-----------------------------------------------------------
# Vivado v2019.1.3 (64-bit)
# SW Build 2644227 on Wed Sep  4 09:44:18 MDT 2019
# IP Build 2633630 on Wed Sep  4 12:30:14 MDT 2019
# Start of session at: Mon Oct 14 14:44:11 2019
# Process ID: 11609
# Current directory: /home/smilo/Desktop/dma_ip_drivers/XDMA/linux-kernel/xdma
# Command line: vivado
# Log file: /home/smilo/Desktop/dma_ip_drivers/XDMA/linux-kernel/xdma/vivado.log
# Journal file: /home/smilo/Desktop/dma_ip_drivers/XDMA/linux-kernel/xdma/vivado.jou
#-----------------------------------------------------------
start_gui
open_hw
INFO: [IP_Flow 19-234] Refreshing IP repositories
INFO: [IP_Flow 19-1704] No user IP repositories specified
INFO: [IP_Flow 19-2313] Loaded Vivado IP repository '/opt/Xilinx/Vivado/2019.1/data/ip'.
open_hw: Time (s): cpu = 00:00:20 ; elapsed = 00:00:07 . Memory (MB): peak = 6860.059 ; gain = 237.988 ; free physical = 60324 ; free virtual = 122602
connect_hw_server
INFO: [Labtools 27-2285] Connecting to hw_server url TCP:localhost:3121
INFO: [Labtools 27-2222] Launching hw_server...
INFO: [Labtools 27-2221] Launch Output:

****** Xilinx hw_server v2019.1.3
  **** Build date : Sep  4 2019 at 10:02:20
    ** Copyright 1986-2019 Xilinx, Inc. All Rights Reserved.


disconnect_hw_server localhost:3121
connect_hw_server
INFO: [Labtools 27-2285] Connecting to hw_server url TCP:localhost:3121
disconnect_hw_server localhost:3121
connect_hw_server
INFO: [Labtools 27-2285] Connecting to hw_server url TCP:localhost:3121
