#-----------------------------------------------------------
# Vivado v2019.1.3 (64-bit)
# SW Build 2644227 on Wed Sep  4 09:44:18 MDT 2019
# IP Build 2633630 on Wed Sep  4 12:30:14 MDT 2019
# Start of session at: Wed Dec 11 17:15:24 2019
# Process ID: 2463
# Current directory: /home/smilo/Desktop/dma_ip_drivers/XDMA/linux-kernel/tools
# Command line: vivado
# Log file: /home/smilo/Desktop/dma_ip_drivers/XDMA/linux-kernel/tools/vivado.log
# Journal file: /home/smilo/Desktop/dma_ip_drivers/XDMA/linux-kernel/tools/vivado.jou
#-----------------------------------------------------------
start_gui
open_project /home/smilo/Desktop/naplesPUalveo/project_1/project_1.xpr
Scanning sources...
Finished scanning sources
INFO: [IP_Flow 19-234] Refreshing IP repositories
INFO: [IP_Flow 19-1700] Loaded user IP repository '/home/smilo/Desktop/naplesPUalveo/ip_repo/axitorouter_1.0'.
INFO: [IP_Flow 19-1700] Loaded user IP repository '/home/smilo/Desktop/naplesPUalveo/ip_repo/myip_1.0'.
INFO: [IP_Flow 19-1700] Loaded user IP repository '/home/smilo/Desktop/naplesPUalveo/ip_repo/slaveaxi_1.0'.
INFO: [IP_Flow 19-2313] Loaded Vivado IP repository '/opt/Xilinx/Vivado/2019.1/data/ip'.
open_project: Time (s): cpu = 00:00:35 ; elapsed = 00:00:16 . Memory (MB): peak = 6841.668 ; gain = 333.641 ; free physical = 60423 ; free virtual = 122501
open_hw
update_compile_order -fileset sources_1
connect_hw_server
INFO: [Labtools 27-2285] Connecting to hw_server url TCP:localhost:3121
INFO: [Labtools 27-2222] Launching hw_server...
INFO: [Labtools 27-2221] Launch Output:

****** Xilinx hw_server v2019.1.3
  **** Build date : Sep  4 2019 at 10:02:20
    ** Copyright 1986-2019 Xilinx, Inc. All Rights Reserved.


open_hw_target
INFO: [Labtoolstcl 44-466] Opening hw_target localhost:3121/xilinx_tcf/Xilinx/21770297J00CA
set_property PROGRAM.FILE {/home/smilo/Desktop/naplesPUalveo/project_1/project_1.runs/impl_1/nexys4ddr_top.bit} [get_hw_devices xcu280_0]
set_property PROBES.FILE {/home/smilo/Desktop/naplesPUalveo/project_1/project_1.runs/impl_1/nexys4ddr_top.ltx} [get_hw_devices xcu280_0]
set_property FULL_PROBES.FILE {/home/smilo/Desktop/naplesPUalveo/project_1/project_1.runs/impl_1/nexys4ddr_top.ltx} [get_hw_devices xcu280_0]
current_hw_device [get_hw_devices xcu280_0]
refresh_hw_device [lindex [get_hw_devices xcu280_0] 0]
INFO: [Labtools 27-2302] Device xcu280 (JTAG device index = 0) is programmed with a design that has 1 HBM core(s).
INFO: [Labtools 27-2302] Device xcu280 (JTAG device index = 0) is programmed with a design that has 1 ILA core(s).
display_hw_ila_data [ get_hw_ila_data hw_ila_data_1 -of_objects [get_hw_ilas -of_objects [get_hw_devices xcu280_0] -filter {CELL_NAME=~"pcie/design_1_i/ila_0"}]]
run_hw_ila [get_hw_ilas -of_objects [get_hw_devices xcu280_0] -filter {CELL_NAME=~"pcie/design_1_i/ila_0"}] -trigger_now
INFO: [Labtools 27-1964] The ILA core 'hw_ila_1' trigger was armed at 2019-Dec-11 17:16:37
wait_on_hw_ila [get_hw_ilas -of_objects [get_hw_devices xcu280_0] -filter {CELL_NAME=~"pcie/design_1_i/ila_0"}]
display_hw_ila_data [upload_hw_ila_data [get_hw_ilas -of_objects [get_hw_devices xcu280_0] -filter {CELL_NAME=~"pcie/design_1_i/ila_0"}]]
INFO: [Labtools 27-1966] The ILA core 'hw_ila_1' triggered at 2019-Dec-11 17:16:37
INFO: [Labtools 27-3304] ILA Waveform data saved to file /home/smilo/Desktop/naplesPUalveo/project_1/project_1.hw/backup/hw_ila_data_1.ila. Use Tcl command 'read_hw_ila_data' or Vivado File->Import->Import ILA Data menu item to import the previously saved data.
run_hw_ila [get_hw_ilas -of_objects [get_hw_devices xcu280_0] -filter {CELL_NAME=~"pcie/design_1_i/ila_0"}] -trigger_now
INFO: [Labtools 27-1964] The ILA core 'hw_ila_1' trigger was armed at 2019-Dec-11 17:17:51
wait_on_hw_ila [get_hw_ilas -of_objects [get_hw_devices xcu280_0] -filter {CELL_NAME=~"pcie/design_1_i/ila_0"}]
display_hw_ila_data [upload_hw_ila_data [get_hw_ilas -of_objects [get_hw_devices xcu280_0] -filter {CELL_NAME=~"pcie/design_1_i/ila_0"}]]
INFO: [Labtools 27-1966] The ILA core 'hw_ila_1' triggered at 2019-Dec-11 17:17:51
INFO: [Labtools 27-3304] ILA Waveform data saved to file /home/smilo/Desktop/naplesPUalveo/project_1/project_1.hw/backup/hw_ila_data_1.ila. Use Tcl command 'read_hw_ila_data' or Vivado File->Import->Import ILA Data menu item to import the previously saved data.
run_hw_ila [get_hw_ilas -of_objects [get_hw_devices xcu280_0] -filter {CELL_NAME=~"pcie/design_1_i/ila_0"}] -trigger_now
INFO: [Labtools 27-1964] The ILA core 'hw_ila_1' trigger was armed at 2019-Dec-11 17:17:53
wait_on_hw_ila [get_hw_ilas -of_objects [get_hw_devices xcu280_0] -filter {CELL_NAME=~"pcie/design_1_i/ila_0"}]
display_hw_ila_data [upload_hw_ila_data [get_hw_ilas -of_objects [get_hw_devices xcu280_0] -filter {CELL_NAME=~"pcie/design_1_i/ila_0"}]]
INFO: [Labtools 27-1966] The ILA core 'hw_ila_1' triggered at 2019-Dec-11 17:17:53
INFO: [Labtools 27-3304] ILA Waveform data saved to file /home/smilo/Desktop/naplesPUalveo/project_1/project_1.hw/backup/hw_ila_data_1.ila. Use Tcl command 'read_hw_ila_data' or Vivado File->Import->Import ILA Data menu item to import the previously saved data.
run_hw_ila [get_hw_ilas -of_objects [get_hw_devices xcu280_0] -filter {CELL_NAME=~"pcie/design_1_i/ila_0"}] -trigger_now
INFO: [Labtools 27-1964] The ILA core 'hw_ila_1' trigger was armed at 2019-Dec-11 17:17:56
wait_on_hw_ila [get_hw_ilas -of_objects [get_hw_devices xcu280_0] -filter {CELL_NAME=~"pcie/design_1_i/ila_0"}]
display_hw_ila_data [upload_hw_ila_data [get_hw_ilas -of_objects [get_hw_devices xcu280_0] -filter {CELL_NAME=~"pcie/design_1_i/ila_0"}]]
INFO: [Labtools 27-1966] The ILA core 'hw_ila_1' triggered at 2019-Dec-11 17:17:56
INFO: [Labtools 27-3304] ILA Waveform data saved to file /home/smilo/Desktop/naplesPUalveo/project_1/project_1.hw/backup/hw_ila_data_1.ila. Use Tcl command 'read_hw_ila_data' or Vivado File->Import->Import ILA Data menu item to import the previously saved data.
run_hw_ila [get_hw_ilas -of_objects [get_hw_devices xcu280_0] -filter {CELL_NAME=~"pcie/design_1_i/ila_0"}] -trigger_now
INFO: [Labtools 27-1964] The ILA core 'hw_ila_1' trigger was armed at 2019-Dec-11 17:17:58
wait_on_hw_ila [get_hw_ilas -of_objects [get_hw_devices xcu280_0] -filter {CELL_NAME=~"pcie/design_1_i/ila_0"}]
display_hw_ila_data [upload_hw_ila_data [get_hw_ilas -of_objects [get_hw_devices xcu280_0] -filter {CELL_NAME=~"pcie/design_1_i/ila_0"}]]
INFO: [Labtools 27-1966] The ILA core 'hw_ila_1' triggered at 2019-Dec-11 17:17:58
INFO: [Labtools 27-3304] ILA Waveform data saved to file /home/smilo/Desktop/naplesPUalveo/project_1/project_1.hw/backup/hw_ila_data_1.ila. Use Tcl command 'read_hw_ila_data' or Vivado File->Import->Import ILA Data menu item to import the previously saved data.
run_hw_ila [get_hw_ilas -of_objects [get_hw_devices xcu280_0] -filter {CELL_NAME=~"pcie/design_1_i/ila_0"}] -trigger_now
INFO: [Labtools 27-1964] The ILA core 'hw_ila_1' trigger was armed at 2019-Dec-11 17:18:00
wait_on_hw_ila [get_hw_ilas -of_objects [get_hw_devices xcu280_0] -filter {CELL_NAME=~"pcie/design_1_i/ila_0"}]
display_hw_ila_data [upload_hw_ila_data [get_hw_ilas -of_objects [get_hw_devices xcu280_0] -filter {CELL_NAME=~"pcie/design_1_i/ila_0"}]]
INFO: [Labtools 27-1966] The ILA core 'hw_ila_1' triggered at 2019-Dec-11 17:18:00
INFO: [Labtools 27-3304] ILA Waveform data saved to file /home/smilo/Desktop/naplesPUalveo/project_1/project_1.hw/backup/hw_ila_data_1.ila. Use Tcl command 'read_hw_ila_data' or Vivado File->Import->Import ILA Data menu item to import the previously saved data.
run_hw_ila [get_hw_ilas -of_objects [get_hw_devices xcu280_0] -filter {CELL_NAME=~"pcie/design_1_i/ila_0"}] -trigger_now
INFO: [Labtools 27-1964] The ILA core 'hw_ila_1' trigger was armed at 2019-Dec-11 17:18:02
wait_on_hw_ila [get_hw_ilas -of_objects [get_hw_devices xcu280_0] -filter {CELL_NAME=~"pcie/design_1_i/ila_0"}]
display_hw_ila_data [upload_hw_ila_data [get_hw_ilas -of_objects [get_hw_devices xcu280_0] -filter {CELL_NAME=~"pcie/design_1_i/ila_0"}]]
INFO: [Labtools 27-1966] The ILA core 'hw_ila_1' triggered at 2019-Dec-11 17:18:02
INFO: [Labtools 27-3304] ILA Waveform data saved to file /home/smilo/Desktop/naplesPUalveo/project_1/project_1.hw/backup/hw_ila_data_1.ila. Use Tcl command 'read_hw_ila_data' or Vivado File->Import->Import ILA Data menu item to import the previously saved data.
run_hw_ila [get_hw_ilas -of_objects [get_hw_devices xcu280_0] -filter {CELL_NAME=~"pcie/design_1_i/ila_0"}] -trigger_now
INFO: [Labtools 27-1964] The ILA core 'hw_ila_1' trigger was armed at 2019-Dec-11 17:18:04
wait_on_hw_ila [get_hw_ilas -of_objects [get_hw_devices xcu280_0] -filter {CELL_NAME=~"pcie/design_1_i/ila_0"}]
display_hw_ila_data [upload_hw_ila_data [get_hw_ilas -of_objects [get_hw_devices xcu280_0] -filter {CELL_NAME=~"pcie/design_1_i/ila_0"}]]
INFO: [Labtools 27-1966] The ILA core 'hw_ila_1' triggered at 2019-Dec-11 17:18:04
INFO: [Labtools 27-3304] ILA Waveform data saved to file /home/smilo/Desktop/naplesPUalveo/project_1/project_1.hw/backup/hw_ila_data_1.ila. Use Tcl command 'read_hw_ila_data' or Vivado File->Import->Import ILA Data menu item to import the previously saved data.
run_hw_ila [get_hw_ilas -of_objects [get_hw_devices xcu280_0] -filter {CELL_NAME=~"pcie/design_1_i/ila_0"}] -trigger_now
INFO: [Labtools 27-1964] The ILA core 'hw_ila_1' trigger was armed at 2019-Dec-11 17:18:06
wait_on_hw_ila [get_hw_ilas -of_objects [get_hw_devices xcu280_0] -filter {CELL_NAME=~"pcie/design_1_i/ila_0"}]
display_hw_ila_data [upload_hw_ila_data [get_hw_ilas -of_objects [get_hw_devices xcu280_0] -filter {CELL_NAME=~"pcie/design_1_i/ila_0"}]]
INFO: [Labtools 27-1966] The ILA core 'hw_ila_1' triggered at 2019-Dec-11 17:18:06
INFO: [Labtools 27-3304] ILA Waveform data saved to file /home/smilo/Desktop/naplesPUalveo/project_1/project_1.hw/backup/hw_ila_data_1.ila. Use Tcl command 'read_hw_ila_data' or Vivado File->Import->Import ILA Data menu item to import the previously saved data.
run_hw_ila [get_hw_ilas -of_objects [get_hw_devices xcu280_0] -filter {CELL_NAME=~"pcie/design_1_i/ila_0"}] -trigger_now
INFO: [Labtools 27-1964] The ILA core 'hw_ila_1' trigger was armed at 2019-Dec-11 17:18:08
wait_on_hw_ila [get_hw_ilas -of_objects [get_hw_devices xcu280_0] -filter {CELL_NAME=~"pcie/design_1_i/ila_0"}]
display_hw_ila_data [upload_hw_ila_data [get_hw_ilas -of_objects [get_hw_devices xcu280_0] -filter {CELL_NAME=~"pcie/design_1_i/ila_0"}]]
INFO: [Labtools 27-1966] The ILA core 'hw_ila_1' triggered at 2019-Dec-11 17:18:08
INFO: [Labtools 27-3304] ILA Waveform data saved to file /home/smilo/Desktop/naplesPUalveo/project_1/project_1.hw/backup/hw_ila_data_1.ila. Use Tcl command 'read_hw_ila_data' or Vivado File->Import->Import ILA Data menu item to import the previously saved data.
run_hw_ila [get_hw_ilas -of_objects [get_hw_devices xcu280_0] -filter {CELL_NAME=~"pcie/design_1_i/ila_0"}] -trigger_now
INFO: [Labtools 27-1964] The ILA core 'hw_ila_1' trigger was armed at 2019-Dec-11 17:18:36
wait_on_hw_ila [get_hw_ilas -of_objects [get_hw_devices xcu280_0] -filter {CELL_NAME=~"pcie/design_1_i/ila_0"}]
display_hw_ila_data [upload_hw_ila_data [get_hw_ilas -of_objects [get_hw_devices xcu280_0] -filter {CELL_NAME=~"pcie/design_1_i/ila_0"}]]
INFO: [Labtools 27-1966] The ILA core 'hw_ila_1' triggered at 2019-Dec-11 17:18:36
INFO: [Labtools 27-3304] ILA Waveform data saved to file /home/smilo/Desktop/naplesPUalveo/project_1/project_1.hw/backup/hw_ila_data_1.ila. Use Tcl command 'read_hw_ila_data' or Vivado File->Import->Import ILA Data menu item to import the previously saved data.
run_hw_ila [get_hw_ilas -of_objects [get_hw_devices xcu280_0] -filter {CELL_NAME=~"pcie/design_1_i/ila_0"}] -trigger_now
INFO: [Labtools 27-1964] The ILA core 'hw_ila_1' trigger was armed at 2019-Dec-11 17:18:38
wait_on_hw_ila [get_hw_ilas -of_objects [get_hw_devices xcu280_0] -filter {CELL_NAME=~"pcie/design_1_i/ila_0"}]
display_hw_ila_data [upload_hw_ila_data [get_hw_ilas -of_objects [get_hw_devices xcu280_0] -filter {CELL_NAME=~"pcie/design_1_i/ila_0"}]]
INFO: [Labtools 27-1966] The ILA core 'hw_ila_1' triggered at 2019-Dec-11 17:18:38
INFO: [Labtools 27-3304] ILA Waveform data saved to file /home/smilo/Desktop/naplesPUalveo/project_1/project_1.hw/backup/hw_ila_data_1.ila. Use Tcl command 'read_hw_ila_data' or Vivado File->Import->Import ILA Data menu item to import the previously saved data.
run_hw_ila [get_hw_ilas -of_objects [get_hw_devices xcu280_0] -filter {CELL_NAME=~"pcie/design_1_i/ila_0"}] -trigger_now
INFO: [Labtools 27-1964] The ILA core 'hw_ila_1' trigger was armed at 2019-Dec-11 17:18:40
wait_on_hw_ila [get_hw_ilas -of_objects [get_hw_devices xcu280_0] -filter {CELL_NAME=~"pcie/design_1_i/ila_0"}]
display_hw_ila_data [upload_hw_ila_data [get_hw_ilas -of_objects [get_hw_devices xcu280_0] -filter {CELL_NAME=~"pcie/design_1_i/ila_0"}]]
INFO: [Labtools 27-1966] The ILA core 'hw_ila_1' triggered at 2019-Dec-11 17:18:40
INFO: [Labtools 27-3304] ILA Waveform data saved to file /home/smilo/Desktop/naplesPUalveo/project_1/project_1.hw/backup/hw_ila_data_1.ila. Use Tcl command 'read_hw_ila_data' or Vivado File->Import->Import ILA Data menu item to import the previously saved data.
run_hw_ila [get_hw_ilas -of_objects [get_hw_devices xcu280_0] -filter {CELL_NAME=~"pcie/design_1_i/ila_0"}] -trigger_now
INFO: [Labtools 27-1964] The ILA core 'hw_ila_1' trigger was armed at 2019-Dec-11 17:18:42
wait_on_hw_ila [get_hw_ilas -of_objects [get_hw_devices xcu280_0] -filter {CELL_NAME=~"pcie/design_1_i/ila_0"}]
display_hw_ila_data [upload_hw_ila_data [get_hw_ilas -of_objects [get_hw_devices xcu280_0] -filter {CELL_NAME=~"pcie/design_1_i/ila_0"}]]
INFO: [Labtools 27-1966] The ILA core 'hw_ila_1' triggered at 2019-Dec-11 17:18:42
INFO: [Labtools 27-3304] ILA Waveform data saved to file /home/smilo/Desktop/naplesPUalveo/project_1/project_1.hw/backup/hw_ila_data_1.ila. Use Tcl command 'read_hw_ila_data' or Vivado File->Import->Import ILA Data menu item to import the previously saved data.
run_hw_ila [get_hw_ilas -of_objects [get_hw_devices xcu280_0] -filter {CELL_NAME=~"pcie/design_1_i/ila_0"}] -trigger_now
INFO: [Labtools 27-1964] The ILA core 'hw_ila_1' trigger was armed at 2019-Dec-11 17:18:44
wait_on_hw_ila [get_hw_ilas -of_objects [get_hw_devices xcu280_0] -filter {CELL_NAME=~"pcie/design_1_i/ila_0"}]
display_hw_ila_data [upload_hw_ila_data [get_hw_ilas -of_objects [get_hw_devices xcu280_0] -filter {CELL_NAME=~"pcie/design_1_i/ila_0"}]]
INFO: [Labtools 27-1966] The ILA core 'hw_ila_1' triggered at 2019-Dec-11 17:18:44
INFO: [Labtools 27-3304] ILA Waveform data saved to file /home/smilo/Desktop/naplesPUalveo/project_1/project_1.hw/backup/hw_ila_data_1.ila. Use Tcl command 'read_hw_ila_data' or Vivado File->Import->Import ILA Data menu item to import the previously saved data.
run_hw_ila [get_hw_ilas -of_objects [get_hw_devices xcu280_0] -filter {CELL_NAME=~"pcie/design_1_i/ila_0"}] -trigger_now
INFO: [Labtools 27-1964] The ILA core 'hw_ila_1' trigger was armed at 2019-Dec-11 17:18:45
wait_on_hw_ila [get_hw_ilas -of_objects [get_hw_devices xcu280_0] -filter {CELL_NAME=~"pcie/design_1_i/ila_0"}]
display_hw_ila_data [upload_hw_ila_data [get_hw_ilas -of_objects [get_hw_devices xcu280_0] -filter {CELL_NAME=~"pcie/design_1_i/ila_0"}]]
INFO: [Labtools 27-1966] The ILA core 'hw_ila_1' triggered at 2019-Dec-11 17:18:45
INFO: [Labtools 27-3304] ILA Waveform data saved to file /home/smilo/Desktop/naplesPUalveo/project_1/project_1.hw/backup/hw_ila_data_1.ila. Use Tcl command 'read_hw_ila_data' or Vivado File->Import->Import ILA Data menu item to import the previously saved data.
run_hw_ila [get_hw_ilas -of_objects [get_hw_devices xcu280_0] -filter {CELL_NAME=~"pcie/design_1_i/ila_0"}] -trigger_now
INFO: [Labtools 27-1964] The ILA core 'hw_ila_1' trigger was armed at 2019-Dec-11 17:18:47
wait_on_hw_ila [get_hw_ilas -of_objects [get_hw_devices xcu280_0] -filter {CELL_NAME=~"pcie/design_1_i/ila_0"}]
display_hw_ila_data [upload_hw_ila_data [get_hw_ilas -of_objects [get_hw_devices xcu280_0] -filter {CELL_NAME=~"pcie/design_1_i/ila_0"}]]
INFO: [Labtools 27-1966] The ILA core 'hw_ila_1' triggered at 2019-Dec-11 17:18:47
INFO: [Labtools 27-3304] ILA Waveform data saved to file /home/smilo/Desktop/naplesPUalveo/project_1/project_1.hw/backup/hw_ila_data_1.ila. Use Tcl command 'read_hw_ila_data' or Vivado File->Import->Import ILA Data menu item to import the previously saved data.
run_hw_ila [get_hw_ilas -of_objects [get_hw_devices xcu280_0] -filter {CELL_NAME=~"pcie/design_1_i/ila_0"}] -trigger_now
INFO: [Labtools 27-1964] The ILA core 'hw_ila_1' trigger was armed at 2019-Dec-11 17:18:49
wait_on_hw_ila [get_hw_ilas -of_objects [get_hw_devices xcu280_0] -filter {CELL_NAME=~"pcie/design_1_i/ila_0"}]
display_hw_ila_data [upload_hw_ila_data [get_hw_ilas -of_objects [get_hw_devices xcu280_0] -filter {CELL_NAME=~"pcie/design_1_i/ila_0"}]]
INFO: [Labtools 27-1966] The ILA core 'hw_ila_1' triggered at 2019-Dec-11 17:18:49
INFO: [Labtools 27-3304] ILA Waveform data saved to file /home/smilo/Desktop/naplesPUalveo/project_1/project_1.hw/backup/hw_ila_data_1.ila. Use Tcl command 'read_hw_ila_data' or Vivado File->Import->Import ILA Data menu item to import the previously saved data.
run_hw_ila [get_hw_ilas -of_objects [get_hw_devices xcu280_0] -filter {CELL_NAME=~"pcie/design_1_i/ila_0"}] -trigger_now
INFO: [Labtools 27-1964] The ILA core 'hw_ila_1' trigger was armed at 2019-Dec-11 17:18:51
wait_on_hw_ila [get_hw_ilas -of_objects [get_hw_devices xcu280_0] -filter {CELL_NAME=~"pcie/design_1_i/ila_0"}]
display_hw_ila_data [upload_hw_ila_data [get_hw_ilas -of_objects [get_hw_devices xcu280_0] -filter {CELL_NAME=~"pcie/design_1_i/ila_0"}]]
INFO: [Labtools 27-1966] The ILA core 'hw_ila_1' triggered at 2019-Dec-11 17:18:51
INFO: [Labtools 27-3304] ILA Waveform data saved to file /home/smilo/Desktop/naplesPUalveo/project_1/project_1.hw/backup/hw_ila_data_1.ila. Use Tcl command 'read_hw_ila_data' or Vivado File->Import->Import ILA Data menu item to import the previously saved data.
run_hw_ila [get_hw_ilas -of_objects [get_hw_devices xcu280_0] -filter {CELL_NAME=~"pcie/design_1_i/ila_0"}] -trigger_now
INFO: [Labtools 27-1964] The ILA core 'hw_ila_1' trigger was armed at 2019-Dec-11 17:19:40
wait_on_hw_ila [get_hw_ilas -of_objects [get_hw_devices xcu280_0] -filter {CELL_NAME=~"pcie/design_1_i/ila_0"}]
display_hw_ila_data [upload_hw_ila_data [get_hw_ilas -of_objects [get_hw_devices xcu280_0] -filter {CELL_NAME=~"pcie/design_1_i/ila_0"}]]
INFO: [Labtools 27-1966] The ILA core 'hw_ila_1' triggered at 2019-Dec-11 17:19:40
INFO: [Labtools 27-3304] ILA Waveform data saved to file /home/smilo/Desktop/naplesPUalveo/project_1/project_1.hw/backup/hw_ila_data_1.ila. Use Tcl command 'read_hw_ila_data' or Vivado File->Import->Import ILA Data menu item to import the previously saved data.
run_hw_ila [get_hw_ilas -of_objects [get_hw_devices xcu280_0] -filter {CELL_NAME=~"pcie/design_1_i/ila_0"}] -trigger_now
INFO: [Labtools 27-1964] The ILA core 'hw_ila_1' trigger was armed at 2019-Dec-11 17:19:42
wait_on_hw_ila [get_hw_ilas -of_objects [get_hw_devices xcu280_0] -filter {CELL_NAME=~"pcie/design_1_i/ila_0"}]
display_hw_ila_data [upload_hw_ila_data [get_hw_ilas -of_objects [get_hw_devices xcu280_0] -filter {CELL_NAME=~"pcie/design_1_i/ila_0"}]]
INFO: [Labtools 27-1966] The ILA core 'hw_ila_1' triggered at 2019-Dec-11 17:19:42
INFO: [Labtools 27-3304] ILA Waveform data saved to file /home/smilo/Desktop/naplesPUalveo/project_1/project_1.hw/backup/hw_ila_data_1.ila. Use Tcl command 'read_hw_ila_data' or Vivado File->Import->Import ILA Data menu item to import the previously saved data.
run_hw_ila [get_hw_ilas -of_objects [get_hw_devices xcu280_0] -filter {CELL_NAME=~"pcie/design_1_i/ila_0"}] -trigger_now
INFO: [Labtools 27-1964] The ILA core 'hw_ila_1' trigger was armed at 2019-Dec-11 17:19:44
wait_on_hw_ila [get_hw_ilas -of_objects [get_hw_devices xcu280_0] -filter {CELL_NAME=~"pcie/design_1_i/ila_0"}]
display_hw_ila_data [upload_hw_ila_data [get_hw_ilas -of_objects [get_hw_devices xcu280_0] -filter {CELL_NAME=~"pcie/design_1_i/ila_0"}]]
INFO: [Labtools 27-1966] The ILA core 'hw_ila_1' triggered at 2019-Dec-11 17:19:44
INFO: [Labtools 27-3304] ILA Waveform data saved to file /home/smilo/Desktop/naplesPUalveo/project_1/project_1.hw/backup/hw_ila_data_1.ila. Use Tcl command 'read_hw_ila_data' or Vivado File->Import->Import ILA Data menu item to import the previously saved data.
run_hw_ila [get_hw_ilas -of_objects [get_hw_devices xcu280_0] -filter {CELL_NAME=~"pcie/design_1_i/ila_0"}] -trigger_now
INFO: [Labtools 27-1964] The ILA core 'hw_ila_1' trigger was armed at 2019-Dec-11 17:19:46
wait_on_hw_ila [get_hw_ilas -of_objects [get_hw_devices xcu280_0] -filter {CELL_NAME=~"pcie/design_1_i/ila_0"}]
display_hw_ila_data [upload_hw_ila_data [get_hw_ilas -of_objects [get_hw_devices xcu280_0] -filter {CELL_NAME=~"pcie/design_1_i/ila_0"}]]
INFO: [Labtools 27-1966] The ILA core 'hw_ila_1' triggered at 2019-Dec-11 17:19:46
INFO: [Labtools 27-3304] ILA Waveform data saved to file /home/smilo/Desktop/naplesPUalveo/project_1/project_1.hw/backup/hw_ila_data_1.ila. Use Tcl command 'read_hw_ila_data' or Vivado File->Import->Import ILA Data menu item to import the previously saved data.
run_hw_ila [get_hw_ilas -of_objects [get_hw_devices xcu280_0] -filter {CELL_NAME=~"pcie/design_1_i/ila_0"}] -trigger_now
INFO: [Labtools 27-1964] The ILA core 'hw_ila_1' trigger was armed at 2019-Dec-11 17:19:48
wait_on_hw_ila [get_hw_ilas -of_objects [get_hw_devices xcu280_0] -filter {CELL_NAME=~"pcie/design_1_i/ila_0"}]
display_hw_ila_data [upload_hw_ila_data [get_hw_ilas -of_objects [get_hw_devices xcu280_0] -filter {CELL_NAME=~"pcie/design_1_i/ila_0"}]]
INFO: [Labtools 27-1966] The ILA core 'hw_ila_1' triggered at 2019-Dec-11 17:19:48
INFO: [Labtools 27-3304] ILA Waveform data saved to file /home/smilo/Desktop/naplesPUalveo/project_1/project_1.hw/backup/hw_ila_data_1.ila. Use Tcl command 'read_hw_ila_data' or Vivado File->Import->Import ILA Data menu item to import the previously saved data.
run_hw_ila [get_hw_ilas -of_objects [get_hw_devices xcu280_0] -filter {CELL_NAME=~"pcie/design_1_i/ila_0"}] -trigger_now
INFO: [Labtools 27-1964] The ILA core 'hw_ila_1' trigger was armed at 2019-Dec-11 17:19:50
wait_on_hw_ila [get_hw_ilas -of_objects [get_hw_devices xcu280_0] -filter {CELL_NAME=~"pcie/design_1_i/ila_0"}]
display_hw_ila_data [upload_hw_ila_data [get_hw_ilas -of_objects [get_hw_devices xcu280_0] -filter {CELL_NAME=~"pcie/design_1_i/ila_0"}]]
INFO: [Labtools 27-1966] The ILA core 'hw_ila_1' triggered at 2019-Dec-11 17:19:50
INFO: [Labtools 27-3304] ILA Waveform data saved to file /home/smilo/Desktop/naplesPUalveo/project_1/project_1.hw/backup/hw_ila_data_1.ila. Use Tcl command 'read_hw_ila_data' or Vivado File->Import->Import ILA Data menu item to import the previously saved data.
run_hw_ila [get_hw_ilas -of_objects [get_hw_devices xcu280_0] -filter {CELL_NAME=~"pcie/design_1_i/ila_0"}] -trigger_now
INFO: [Labtools 27-1964] The ILA core 'hw_ila_1' trigger was armed at 2019-Dec-11 17:19:52
wait_on_hw_ila [get_hw_ilas -of_objects [get_hw_devices xcu280_0] -filter {CELL_NAME=~"pcie/design_1_i/ila_0"}]
display_hw_ila_data [upload_hw_ila_data [get_hw_ilas -of_objects [get_hw_devices xcu280_0] -filter {CELL_NAME=~"pcie/design_1_i/ila_0"}]]
INFO: [Labtools 27-1966] The ILA core 'hw_ila_1' triggered at 2019-Dec-11 17:19:52
INFO: [Labtools 27-3304] ILA Waveform data saved to file /home/smilo/Desktop/naplesPUalveo/project_1/project_1.hw/backup/hw_ila_data_1.ila. Use Tcl command 'read_hw_ila_data' or Vivado File->Import->Import ILA Data menu item to import the previously saved data.
run_hw_ila [get_hw_ilas -of_objects [get_hw_devices xcu280_0] -filter {CELL_NAME=~"pcie/design_1_i/ila_0"}] -trigger_now
INFO: [Labtools 27-1964] The ILA core 'hw_ila_1' trigger was armed at 2019-Dec-11 17:19:54
wait_on_hw_ila [get_hw_ilas -of_objects [get_hw_devices xcu280_0] -filter {CELL_NAME=~"pcie/design_1_i/ila_0"}]
display_hw_ila_data [upload_hw_ila_data [get_hw_ilas -of_objects [get_hw_devices xcu280_0] -filter {CELL_NAME=~"pcie/design_1_i/ila_0"}]]
INFO: [Labtools 27-1966] The ILA core 'hw_ila_1' triggered at 2019-Dec-11 17:19:54
INFO: [Labtools 27-3304] ILA Waveform data saved to file /home/smilo/Desktop/naplesPUalveo/project_1/project_1.hw/backup/hw_ila_data_1.ila. Use Tcl command 'read_hw_ila_data' or Vivado File->Import->Import ILA Data menu item to import the previously saved data.
set_property TRIGGER_COMPARE_VALUE eq32'h0001_0001 [get_hw_probes pcie/design_1_i/probe4_0_1 -of_objects [get_hw_ilas -of_objects [get_hw_devices xcu280_0] -filter {CELL_NAME=~"pcie/design_1_i/ila_0"}]]
run_hw_ila [get_hw_ilas -of_objects [get_hw_devices xcu280_0] -filter {CELL_NAME=~"pcie/design_1_i/ila_0"}]
INFO: [Labtools 27-1964] The ILA core 'hw_ila_1' trigger was armed at 2019-Dec-11 17:20:04
wait_on_hw_ila [get_hw_ilas -of_objects [get_hw_devices xcu280_0] -filter {CELL_NAME=~"pcie/design_1_i/ila_0"}]
display_hw_ila_data [upload_hw_ila_data [get_hw_ilas -of_objects [get_hw_devices xcu280_0] -filter {CELL_NAME=~"pcie/design_1_i/ila_0"}]]
INFO: [Labtools 27-1966] The ILA core 'hw_ila_1' triggered at 2019-Dec-11 17:20:04
INFO: [Labtools 27-3304] ILA Waveform data saved to file /home/smilo/Desktop/naplesPUalveo/project_1/project_1.hw/backup/hw_ila_data_1.ila. Use Tcl command 'read_hw_ila_data' or Vivado File->Import->Import ILA Data menu item to import the previously saved data.
set_property TRIGGER_COMPARE_VALUE neq32'h0001_0001 [get_hw_probes pcie/design_1_i/probe4_0_1 -of_objects [get_hw_ilas -of_objects [get_hw_devices xcu280_0] -filter {CELL_NAME=~"pcie/design_1_i/ila_0"}]]
run_hw_ila [get_hw_ilas -of_objects [get_hw_devices xcu280_0] -filter {CELL_NAME=~"pcie/design_1_i/ila_0"}]
INFO: [Labtools 27-1964] The ILA core 'hw_ila_1' trigger was armed at 2019-Dec-11 17:20:19
wait_on_hw_ila [get_hw_ilas -of_objects [get_hw_devices xcu280_0] -filter {CELL_NAME=~"pcie/design_1_i/ila_0"}]
display_hw_ila_data [upload_hw_ila_data [get_hw_ilas -of_objects [get_hw_devices xcu280_0] -filter {CELL_NAME=~"pcie/design_1_i/ila_0"}]]
INFO: [Labtools 27-1966] The ILA core 'hw_ila_1' triggered at 2019-Dec-11 17:21:05
INFO: [Labtools 27-3304] ILA Waveform data saved to file /home/smilo/Desktop/naplesPUalveo/project_1/project_1.hw/backup/hw_ila_data_1.ila. Use Tcl command 'read_hw_ila_data' or Vivado File->Import->Import ILA Data menu item to import the previously saved data.
run_hw_ila [get_hw_ilas -of_objects [get_hw_devices xcu280_0] -filter {CELL_NAME=~"pcie/design_1_i/ila_0"}]
INFO: [Labtools 27-1964] The ILA core 'hw_ila_1' trigger was armed at 2019-Dec-11 17:21:38
wait_on_hw_ila [get_hw_ilas -of_objects [get_hw_devices xcu280_0] -filter {CELL_NAME=~"pcie/design_1_i/ila_0"}]
display_hw_ila_data [upload_hw_ila_data [get_hw_ilas -of_objects [get_hw_devices xcu280_0] -filter {CELL_NAME=~"pcie/design_1_i/ila_0"}]]
INFO: [Labtools 27-1966] The ILA core 'hw_ila_1' triggered at 2019-Dec-11 17:21:50
INFO: [Labtools 27-3304] ILA Waveform data saved to file /home/smilo/Desktop/naplesPUalveo/project_1/project_1.hw/backup/hw_ila_data_1.ila. Use Tcl command 'read_hw_ila_data' or Vivado File->Import->Import ILA Data menu item to import the previously saved data.
run_hw_ila [get_hw_ilas -of_objects [get_hw_devices xcu280_0] -filter {CELL_NAME=~"pcie/design_1_i/ila_0"}]
INFO: [Labtools 27-1964] The ILA core 'hw_ila_1' trigger was armed at 2019-Dec-11 17:22:38
wait_on_hw_ila [get_hw_ilas -of_objects [get_hw_devices xcu280_0] -filter {CELL_NAME=~"pcie/design_1_i/ila_0"}]
display_hw_ila_data [upload_hw_ila_data [get_hw_ilas -of_objects [get_hw_devices xcu280_0] -filter {CELL_NAME=~"pcie/design_1_i/ila_0"}]]
INFO: [Labtools 27-1966] The ILA core 'hw_ila_1' triggered at 2019-Dec-11 17:22:43
INFO: [Labtools 27-3304] ILA Waveform data saved to file /home/smilo/Desktop/naplesPUalveo/project_1/project_1.hw/backup/hw_ila_data_1.ila. Use Tcl command 'read_hw_ila_data' or Vivado File->Import->Import ILA Data menu item to import the previously saved data.
run_hw_ila [get_hw_ilas -of_objects [get_hw_devices xcu280_0] -filter {CELL_NAME=~"pcie/design_1_i/ila_0"}]
INFO: [Labtools 27-1964] The ILA core 'hw_ila_1' trigger was armed at 2019-Dec-11 17:23:23
wait_on_hw_ila -timeout 0 [get_hw_ilas -of_objects [get_hw_devices xcu280_0] -filter {CELL_NAME=~"pcie/design_1_i/ila_0"}]
upload_hw_ila_data [get_hw_ilas -of_objects [get_hw_devices xcu280_0] -filter {CELL_NAME=~"pcie/design_1_i/ila_0"}]
INFO: [Labtools 27-1965] The ILA core 'hw_ila_1' trigger was stopped by user at 2019-Dec-11 17:23:24
WARNING: [Labtools 27-157] hw_ila [hw_ila_1] stopped. No data to upload.
run_hw_ila [get_hw_ilas -of_objects [get_hw_devices xcu280_0] -filter {CELL_NAME=~"pcie/design_1_i/ila_0"}] -trigger_now
INFO: [Labtools 27-1964] The ILA core 'hw_ila_1' trigger was armed at 2019-Dec-11 17:23:24
wait_on_hw_ila [get_hw_ilas -of_objects [get_hw_devices xcu280_0] -filter {CELL_NAME=~"pcie/design_1_i/ila_0"}]
display_hw_ila_data [upload_hw_ila_data [get_hw_ilas -of_objects [get_hw_devices xcu280_0] -filter {CELL_NAME=~"pcie/design_1_i/ila_0"}]]
INFO: [Labtools 27-1966] The ILA core 'hw_ila_1' triggered at 2019-Dec-11 17:23:24
INFO: [Labtools 27-3304] ILA Waveform data saved to file /home/smilo/Desktop/naplesPUalveo/project_1/project_1.hw/backup/hw_ila_data_1.ila. Use Tcl command 'read_hw_ila_data' or Vivado File->Import->Import ILA Data menu item to import the previously saved data.
run_hw_ila [get_hw_ilas -of_objects [get_hw_devices xcu280_0] -filter {CELL_NAME=~"pcie/design_1_i/ila_0"}] -trigger_now
INFO: [Labtools 27-1964] The ILA core 'hw_ila_1' trigger was armed at 2019-Dec-11 17:23:27
wait_on_hw_ila [get_hw_ilas -of_objects [get_hw_devices xcu280_0] -filter {CELL_NAME=~"pcie/design_1_i/ila_0"}]
display_hw_ila_data [upload_hw_ila_data [get_hw_ilas -of_objects [get_hw_devices xcu280_0] -filter {CELL_NAME=~"pcie/design_1_i/ila_0"}]]
INFO: [Labtools 27-1966] The ILA core 'hw_ila_1' triggered at 2019-Dec-11 17:23:27
INFO: [Labtools 27-3304] ILA Waveform data saved to file /home/smilo/Desktop/naplesPUalveo/project_1/project_1.hw/backup/hw_ila_data_1.ila. Use Tcl command 'read_hw_ila_data' or Vivado File->Import->Import ILA Data menu item to import the previously saved data.
run_hw_ila [get_hw_ilas -of_objects [get_hw_devices xcu280_0] -filter {CELL_NAME=~"pcie/design_1_i/ila_0"}]
INFO: [Labtools 27-1964] The ILA core 'hw_ila_1' trigger was armed at 2019-Dec-11 17:23:31
wait_on_hw_ila [get_hw_ilas -of_objects [get_hw_devices xcu280_0] -filter {CELL_NAME=~"pcie/design_1_i/ila_0"}]
display_hw_ila_data [upload_hw_ila_data [get_hw_ilas -of_objects [get_hw_devices xcu280_0] -filter {CELL_NAME=~"pcie/design_1_i/ila_0"}]]
INFO: [Labtools 27-1966] The ILA core 'hw_ila_1' triggered at 2019-Dec-11 17:23:57
INFO: [Labtools 27-3304] ILA Waveform data saved to file /home/smilo/Desktop/naplesPUalveo/project_1/project_1.hw/backup/hw_ila_data_1.ila. Use Tcl command 'read_hw_ila_data' or Vivado File->Import->Import ILA Data menu item to import the previously saved data.
run_hw_ila [get_hw_ilas -of_objects [get_hw_devices xcu280_0] -filter {CELL_NAME=~"pcie/design_1_i/ila_0"}]
INFO: [Labtools 27-1964] The ILA core 'hw_ila_1' trigger was armed at 2019-Dec-11 17:24:40
wait_on_hw_ila [get_hw_ilas -of_objects [get_hw_devices xcu280_0] -filter {CELL_NAME=~"pcie/design_1_i/ila_0"}]
display_hw_ila_data [upload_hw_ila_data [get_hw_ilas -of_objects [get_hw_devices xcu280_0] -filter {CELL_NAME=~"pcie/design_1_i/ila_0"}]]
INFO: [Labtools 27-1966] The ILA core 'hw_ila_1' triggered at 2019-Dec-11 17:24:49
INFO: [Labtools 27-3304] ILA Waveform data saved to file /home/smilo/Desktop/naplesPUalveo/project_1/project_1.hw/backup/hw_ila_data_1.ila. Use Tcl command 'read_hw_ila_data' or Vivado File->Import->Import ILA Data menu item to import the previously saved data.
run_hw_ila [get_hw_ilas -of_objects [get_hw_devices xcu280_0] -filter {CELL_NAME=~"pcie/design_1_i/ila_0"}]
INFO: [Labtools 27-1964] The ILA core 'hw_ila_1' trigger was armed at 2019-Dec-11 17:24:58
wait_on_hw_ila [get_hw_ilas -of_objects [get_hw_devices xcu280_0] -filter {CELL_NAME=~"pcie/design_1_i/ila_0"}]
display_hw_ila_data [upload_hw_ila_data [get_hw_ilas -of_objects [get_hw_devices xcu280_0] -filter {CELL_NAME=~"pcie/design_1_i/ila_0"}]]
INFO: [Labtools 27-1966] The ILA core 'hw_ila_1' triggered at 2019-Dec-11 17:25:17
INFO: [Labtools 27-3304] ILA Waveform data saved to file /home/smilo/Desktop/naplesPUalveo/project_1/project_1.hw/backup/hw_ila_data_1.ila. Use Tcl command 'read_hw_ila_data' or Vivado File->Import->Import ILA Data menu item to import the previously saved data.
run_hw_ila [get_hw_ilas -of_objects [get_hw_devices xcu280_0] -filter {CELL_NAME=~"pcie/design_1_i/ila_0"}]
INFO: [Labtools 27-1964] The ILA core 'hw_ila_1' trigger was armed at 2019-Dec-11 17:25:32
wait_on_hw_ila [get_hw_ilas -of_objects [get_hw_devices xcu280_0] -filter {CELL_NAME=~"pcie/design_1_i/ila_0"}]
display_hw_ila_data [upload_hw_ila_data [get_hw_ilas -of_objects [get_hw_devices xcu280_0] -filter {CELL_NAME=~"pcie/design_1_i/ila_0"}]]
INFO: [Labtools 27-1966] The ILA core 'hw_ila_1' triggered at 2019-Dec-11 17:25:46
INFO: [Labtools 27-3304] ILA Waveform data saved to file /home/smilo/Desktop/naplesPUalveo/project_1/project_1.hw/backup/hw_ila_data_1.ila. Use Tcl command 'read_hw_ila_data' or Vivado File->Import->Import ILA Data menu item to import the previously saved data.
run_hw_ila [get_hw_ilas -of_objects [get_hw_devices xcu280_0] -filter {CELL_NAME=~"pcie/design_1_i/ila_0"}]
INFO: [Labtools 27-1964] The ILA core 'hw_ila_1' trigger was armed at 2019-Dec-11 17:26:35
wait_on_hw_ila [get_hw_ilas -of_objects [get_hw_devices xcu280_0] -filter {CELL_NAME=~"pcie/design_1_i/ila_0"}]
display_hw_ila_data [upload_hw_ila_data [get_hw_ilas -of_objects [get_hw_devices xcu280_0] -filter {CELL_NAME=~"pcie/design_1_i/ila_0"}]]
INFO: [Labtools 27-1966] The ILA core 'hw_ila_1' triggered at 2019-Dec-11 17:26:49
INFO: [Labtools 27-3304] ILA Waveform data saved to file /home/smilo/Desktop/naplesPUalveo/project_1/project_1.hw/backup/hw_ila_data_1.ila. Use Tcl command 'read_hw_ila_data' or Vivado File->Import->Import ILA Data menu item to import the previously saved data.
run_hw_ila [get_hw_ilas -of_objects [get_hw_devices xcu280_0] -filter {CELL_NAME=~"pcie/design_1_i/ila_0"}]
INFO: [Labtools 27-1964] The ILA core 'hw_ila_1' trigger was armed at 2019-Dec-11 17:28:27
wait_on_hw_ila [get_hw_ilas -of_objects [get_hw_devices xcu280_0] -filter {CELL_NAME=~"pcie/design_1_i/ila_0"}]
display_hw_ila_data [upload_hw_ila_data [get_hw_ilas -of_objects [get_hw_devices xcu280_0] -filter {CELL_NAME=~"pcie/design_1_i/ila_0"}]]
INFO: [Labtools 27-1966] The ILA core 'hw_ila_1' triggered at 2019-Dec-11 17:28:36
INFO: [Labtools 27-3304] ILA Waveform data saved to file /home/smilo/Desktop/naplesPUalveo/project_1/project_1.hw/backup/hw_ila_data_1.ila. Use Tcl command 'read_hw_ila_data' or Vivado File->Import->Import ILA Data menu item to import the previously saved data.
run_hw_ila [get_hw_ilas -of_objects [get_hw_devices xcu280_0] -filter {CELL_NAME=~"pcie/design_1_i/ila_0"}]
INFO: [Labtools 27-1964] The ILA core 'hw_ila_1' trigger was armed at 2019-Dec-11 17:29:36
wait_on_hw_ila [get_hw_ilas -of_objects [get_hw_devices xcu280_0] -filter {CELL_NAME=~"pcie/design_1_i/ila_0"}]
display_hw_ila_data [upload_hw_ila_data [get_hw_ilas -of_objects [get_hw_devices xcu280_0] -filter {CELL_NAME=~"pcie/design_1_i/ila_0"}]]
INFO: [Labtools 27-1966] The ILA core 'hw_ila_1' triggered at 2019-Dec-11 17:29:48
INFO: [Labtools 27-3304] ILA Waveform data saved to file /home/smilo/Desktop/naplesPUalveo/project_1/project_1.hw/backup/hw_ila_data_1.ila. Use Tcl command 'read_hw_ila_data' or Vivado File->Import->Import ILA Data menu item to import the previously saved data.
run_hw_ila [get_hw_ilas -of_objects [get_hw_devices xcu280_0] -filter {CELL_NAME=~"pcie/design_1_i/ila_0"}]
INFO: [Labtools 27-1964] The ILA core 'hw_ila_1' trigger was armed at 2019-Dec-11 17:31:48
wait_on_hw_ila [get_hw_ilas -of_objects [get_hw_devices xcu280_0] -filter {CELL_NAME=~"pcie/design_1_i/ila_0"}]
display_hw_ila_data [upload_hw_ila_data [get_hw_ilas -of_objects [get_hw_devices xcu280_0] -filter {CELL_NAME=~"pcie/design_1_i/ila_0"}]]
INFO: [Labtools 27-1966] The ILA core 'hw_ila_1' triggered at 2019-Dec-11 17:32:01
INFO: [Labtools 27-3304] ILA Waveform data saved to file /home/smilo/Desktop/naplesPUalveo/project_1/project_1.hw/backup/hw_ila_data_1.ila. Use Tcl command 'read_hw_ila_data' or Vivado File->Import->Import ILA Data menu item to import the previously saved data.
run_hw_ila [get_hw_ilas -of_objects [get_hw_devices xcu280_0] -filter {CELL_NAME=~"pcie/design_1_i/ila_0"}]
INFO: [Labtools 27-1964] The ILA core 'hw_ila_1' trigger was armed at 2019-Dec-11 17:33:04
wait_on_hw_ila [get_hw_ilas -of_objects [get_hw_devices xcu280_0] -filter {CELL_NAME=~"pcie/design_1_i/ila_0"}]
display_hw_ila_data [upload_hw_ila_data [get_hw_ilas -of_objects [get_hw_devices xcu280_0] -filter {CELL_NAME=~"pcie/design_1_i/ila_0"}]]
INFO: [Labtools 27-1966] The ILA core 'hw_ila_1' triggered at 2019-Dec-11 17:33:17
INFO: [Labtools 27-3304] ILA Waveform data saved to file /home/smilo/Desktop/naplesPUalveo/project_1/project_1.hw/backup/hw_ila_data_1.ila. Use Tcl command 'read_hw_ila_data' or Vivado File->Import->Import ILA Data menu item to import the previously saved data.
run_hw_ila [get_hw_ilas -of_objects [get_hw_devices xcu280_0] -filter {CELL_NAME=~"pcie/design_1_i/ila_0"}]
INFO: [Labtools 27-1964] The ILA core 'hw_ila_1' trigger was armed at 2019-Dec-11 17:33:26
wait_on_hw_ila [get_hw_ilas -of_objects [get_hw_devices xcu280_0] -filter {CELL_NAME=~"pcie/design_1_i/ila_0"}]
display_hw_ila_data [upload_hw_ila_data [get_hw_ilas -of_objects [get_hw_devices xcu280_0] -filter {CELL_NAME=~"pcie/design_1_i/ila_0"}]]
INFO: [Labtools 27-1966] The ILA core 'hw_ila_1' triggered at 2019-Dec-11 17:33:45
INFO: [Labtools 27-3304] ILA Waveform data saved to file /home/smilo/Desktop/naplesPUalveo/project_1/project_1.hw/backup/hw_ila_data_1.ila. Use Tcl command 'read_hw_ila_data' or Vivado File->Import->Import ILA Data menu item to import the previously saved data.
