#-----------------------------------------------------------
# Vivado v2019.1.3 (64-bit)
# SW Build 2644227 on Wed Sep  4 09:44:18 MDT 2019
# IP Build 2633630 on Wed Sep  4 12:30:14 MDT 2019
# Start of session at: Wed Dec 11 20:17:44 2019
# Process ID: 24734
# Current directory: /home/smilo/Desktop/dma_ip_drivers/XDMA/linux-kernel/tools
# Command line: vivado
# Log file: /home/smilo/Desktop/dma_ip_drivers/XDMA/linux-kernel/tools/vivado.log
# Journal file: /home/smilo/Desktop/dma_ip_drivers/XDMA/linux-kernel/tools/vivado.jou
#-----------------------------------------------------------
start_gui
open_project /home/smilo/Desktop/naplesPUalveo/project_1/project_1.xpr
Scanning sources...
Finished scanning sources
INFO: [IP_Flow 19-234] Refreshing IP repositories
INFO: [IP_Flow 19-1700] Loaded user IP repository '/home/smilo/Desktop/naplesPUalveo/ip_repo/axitorouter_1.0'.
INFO: [IP_Flow 19-1700] Loaded user IP repository '/home/smilo/Desktop/naplesPUalveo/ip_repo/myip_1.0'.
INFO: [IP_Flow 19-1700] Loaded user IP repository '/home/smilo/Desktop/naplesPUalveo/ip_repo/slaveaxi_1.0'.
INFO: [IP_Flow 19-2313] Loaded Vivado IP repository '/opt/Xilinx/Vivado/2019.1/data/ip'.
open_project: Time (s): cpu = 00:00:38 ; elapsed = 00:00:15 . Memory (MB): peak = 6861.461 ; gain = 352.816 ; free physical = 60053 ; free virtual = 122362
open_hw
update_compile_order -fileset sources_1
connect_hw_server
INFO: [Labtools 27-2285] Connecting to hw_server url TCP:localhost:3121
INFO: [Labtools 27-2222] Launching hw_server...
INFO: [Labtools 27-2221] Launch Output:

****** Xilinx hw_server v2019.1.3
  **** Build date : Sep  4 2019 at 10:02:20
    ** Copyright 1986-2019 Xilinx, Inc. All Rights Reserved.


open_hw_target
INFO: [Labtoolstcl 44-466] Opening hw_target localhost:3121/xilinx_tcf/Xilinx/21770297J00CA
set_property PROGRAM.FILE {/home/smilo/Desktop/naplesPUalveo/project_1/project_1.runs/impl_1/nexys4ddr_top.bit} [get_hw_devices xcu280_0]
set_property PROBES.FILE {/home/smilo/Desktop/naplesPUalveo/project_1/project_1.runs/impl_1/nexys4ddr_top.ltx} [get_hw_devices xcu280_0]
set_property FULL_PROBES.FILE {/home/smilo/Desktop/naplesPUalveo/project_1/project_1.runs/impl_1/nexys4ddr_top.ltx} [get_hw_devices xcu280_0]
current_hw_device [get_hw_devices xcu280_0]
refresh_hw_device [lindex [get_hw_devices xcu280_0] 0]
INFO: [Labtools 27-2302] Device xcu280 (JTAG device index = 0) is programmed with a design that has 1 HBM core(s).
INFO: [Labtools 27-2302] Device xcu280 (JTAG device index = 0) is programmed with a design that has 1 ILA core(s).
display_hw_ila_data [ get_hw_ila_data hw_ila_data_1 -of_objects [get_hw_ilas -of_objects [get_hw_devices xcu280_0] -filter {CELL_NAME=~"pcie/design_1_i/ila_0"}]]
run_hw_ila [get_hw_ilas -of_objects [get_hw_devices xcu280_0] -filter {CELL_NAME=~"pcie/design_1_i/ila_0"}]
INFO: [Labtools 27-1964] The ILA core 'hw_ila_1' trigger was armed at 2019-Dec-11 20:19:32
wait_on_hw_ila [get_hw_ilas -of_objects [get_hw_devices xcu280_0] -filter {CELL_NAME=~"pcie/design_1_i/ila_0"}]
display_hw_ila_data [upload_hw_ila_data [get_hw_ilas -of_objects [get_hw_devices xcu280_0] -filter {CELL_NAME=~"pcie/design_1_i/ila_0"}]]
INFO: [Labtools 27-1966] The ILA core 'hw_ila_1' triggered at 2019-Dec-11 20:19:32
INFO: [Labtools 27-3304] ILA Waveform data saved to file /home/smilo/Desktop/naplesPUalveo/project_1/project_1.hw/backup/hw_ila_data_1.ila. Use Tcl command 'read_hw_ila_data' or Vivado File->Import->Import ILA Data menu item to import the previously saved data.
run_hw_ila [get_hw_ilas -of_objects [get_hw_devices xcu280_0] -filter {CELL_NAME=~"pcie/design_1_i/ila_0"}] -trigger_now
INFO: [Labtools 27-1964] The ILA core 'hw_ila_1' trigger was armed at 2019-Dec-11 20:19:37
wait_on_hw_ila [get_hw_ilas -of_objects [get_hw_devices xcu280_0] -filter {CELL_NAME=~"pcie/design_1_i/ila_0"}]
display_hw_ila_data [upload_hw_ila_data [get_hw_ilas -of_objects [get_hw_devices xcu280_0] -filter {CELL_NAME=~"pcie/design_1_i/ila_0"}]]
INFO: [Labtools 27-1966] The ILA core 'hw_ila_1' triggered at 2019-Dec-11 20:19:37
INFO: [Labtools 27-3304] ILA Waveform data saved to file /home/smilo/Desktop/naplesPUalveo/project_1/project_1.hw/backup/hw_ila_data_1.ila. Use Tcl command 'read_hw_ila_data' or Vivado File->Import->Import ILA Data menu item to import the previously saved data.
run_hw_ila [get_hw_ilas -of_objects [get_hw_devices xcu280_0] -filter {CELL_NAME=~"pcie/design_1_i/ila_0"}] -trigger_now
INFO: [Labtools 27-1964] The ILA core 'hw_ila_1' trigger was armed at 2019-Dec-11 20:19:39
wait_on_hw_ila [get_hw_ilas -of_objects [get_hw_devices xcu280_0] -filter {CELL_NAME=~"pcie/design_1_i/ila_0"}]
display_hw_ila_data [upload_hw_ila_data [get_hw_ilas -of_objects [get_hw_devices xcu280_0] -filter {CELL_NAME=~"pcie/design_1_i/ila_0"}]]
INFO: [Labtools 27-1966] The ILA core 'hw_ila_1' triggered at 2019-Dec-11 20:19:39
INFO: [Labtools 27-3304] ILA Waveform data saved to file /home/smilo/Desktop/naplesPUalveo/project_1/project_1.hw/backup/hw_ila_data_1.ila. Use Tcl command 'read_hw_ila_data' or Vivado File->Import->Import ILA Data menu item to import the previously saved data.
run_hw_ila [get_hw_ilas -of_objects [get_hw_devices xcu280_0] -filter {CELL_NAME=~"pcie/design_1_i/ila_0"}] -trigger_now
INFO: [Labtools 27-1964] The ILA core 'hw_ila_1' trigger was armed at 2019-Dec-11 20:19:42
wait_on_hw_ila [get_hw_ilas -of_objects [get_hw_devices xcu280_0] -filter {CELL_NAME=~"pcie/design_1_i/ila_0"}]
display_hw_ila_data [upload_hw_ila_data [get_hw_ilas -of_objects [get_hw_devices xcu280_0] -filter {CELL_NAME=~"pcie/design_1_i/ila_0"}]]
INFO: [Labtools 27-1966] The ILA core 'hw_ila_1' triggered at 2019-Dec-11 20:19:42
INFO: [Labtools 27-3304] ILA Waveform data saved to file /home/smilo/Desktop/naplesPUalveo/project_1/project_1.hw/backup/hw_ila_data_1.ila. Use Tcl command 'read_hw_ila_data' or Vivado File->Import->Import ILA Data menu item to import the previously saved data.
run_hw_ila [get_hw_ilas -of_objects [get_hw_devices xcu280_0] -filter {CELL_NAME=~"pcie/design_1_i/ila_0"}]
INFO: [Labtools 27-1964] The ILA core 'hw_ila_1' trigger was armed at 2019-Dec-11 20:20:37
wait_on_hw_ila [get_hw_ilas -of_objects [get_hw_devices xcu280_0] -filter {CELL_NAME=~"pcie/design_1_i/ila_0"}]
display_hw_ila_data [upload_hw_ila_data [get_hw_ilas -of_objects [get_hw_devices xcu280_0] -filter {CELL_NAME=~"pcie/design_1_i/ila_0"}]]
INFO: [Labtools 27-1966] The ILA core 'hw_ila_1' triggered at 2019-Dec-11 20:20:37
INFO: [Labtools 27-3304] ILA Waveform data saved to file /home/smilo/Desktop/naplesPUalveo/project_1/project_1.hw/backup/hw_ila_data_1.ila. Use Tcl command 'read_hw_ila_data' or Vivado File->Import->Import ILA Data menu item to import the previously saved data.
set_property TRIGGER_COMPARE_VALUE neq32'hXXXX_XXXX [get_hw_probes pcie/design_1_i/probe4_0_1 -of_objects [get_hw_ilas -of_objects [get_hw_devices xcu280_0] -filter {CELL_NAME=~"pcie/design_1_i/ila_0"}]]
set_property TRIGGER_COMPARE_VALUE neq32'h0001_0001 [get_hw_probes pcie/design_1_i/probe4_0_1 -of_objects [get_hw_ilas -of_objects [get_hw_devices xcu280_0] -filter {CELL_NAME=~"pcie/design_1_i/ila_0"}]]
run_hw_ila [get_hw_ilas -of_objects [get_hw_devices xcu280_0] -filter {CELL_NAME=~"pcie/design_1_i/ila_0"}]
INFO: [Labtools 27-1964] The ILA core 'hw_ila_1' trigger was armed at 2019-Dec-11 20:20:48
wait_on_hw_ila [get_hw_ilas -of_objects [get_hw_devices xcu280_0] -filter {CELL_NAME=~"pcie/design_1_i/ila_0"}]
display_hw_ila_data [upload_hw_ila_data [get_hw_ilas -of_objects [get_hw_devices xcu280_0] -filter {CELL_NAME=~"pcie/design_1_i/ila_0"}]]
INFO: [Labtools 27-1966] The ILA core 'hw_ila_1' triggered at 2019-Dec-11 20:20:51
INFO: [Labtools 27-3304] ILA Waveform data saved to file /home/smilo/Desktop/naplesPUalveo/project_1/project_1.hw/backup/hw_ila_data_1.ila. Use Tcl command 'read_hw_ila_data' or Vivado File->Import->Import ILA Data menu item to import the previously saved data.
run_hw_ila [get_hw_ilas -of_objects [get_hw_devices xcu280_0] -filter {CELL_NAME=~"pcie/design_1_i/ila_0"}]
INFO: [Labtools 27-1964] The ILA core 'hw_ila_1' trigger was armed at 2019-Dec-11 20:23:19
wait_on_hw_ila [get_hw_ilas -of_objects [get_hw_devices xcu280_0] -filter {CELL_NAME=~"pcie/design_1_i/ila_0"}]
display_hw_ila_data [upload_hw_ila_data [get_hw_ilas -of_objects [get_hw_devices xcu280_0] -filter {CELL_NAME=~"pcie/design_1_i/ila_0"}]]
INFO: [Labtools 27-1966] The ILA core 'hw_ila_1' triggered at 2019-Dec-11 20:23:33
INFO: [Labtools 27-3304] ILA Waveform data saved to file /home/smilo/Desktop/naplesPUalveo/project_1/project_1.hw/backup/hw_ila_data_1.ila. Use Tcl command 'read_hw_ila_data' or Vivado File->Import->Import ILA Data menu item to import the previously saved data.
run_hw_ila [get_hw_ilas -of_objects [get_hw_devices xcu280_0] -filter {CELL_NAME=~"pcie/design_1_i/ila_0"}]
INFO: [Labtools 27-1964] The ILA core 'hw_ila_1' trigger was armed at 2019-Dec-11 20:24:16
wait_on_hw_ila [get_hw_ilas -of_objects [get_hw_devices xcu280_0] -filter {CELL_NAME=~"pcie/design_1_i/ila_0"}]
display_hw_ila_data [upload_hw_ila_data [get_hw_ilas -of_objects [get_hw_devices xcu280_0] -filter {CELL_NAME=~"pcie/design_1_i/ila_0"}]]
INFO: [Labtools 27-1966] The ILA core 'hw_ila_1' triggered at 2019-Dec-11 20:25:01
INFO: [Labtools 27-3304] ILA Waveform data saved to file /home/smilo/Desktop/naplesPUalveo/project_1/project_1.hw/backup/hw_ila_data_1.ila. Use Tcl command 'read_hw_ila_data' or Vivado File->Import->Import ILA Data menu item to import the previously saved data.
run_hw_ila [get_hw_ilas -of_objects [get_hw_devices xcu280_0] -filter {CELL_NAME=~"pcie/design_1_i/ila_0"}]
INFO: [Labtools 27-1964] The ILA core 'hw_ila_1' trigger was armed at 2019-Dec-11 20:29:09
