#-----------------------------------------------------------
# Vivado v2019.1.3 (64-bit)
# SW Build 2644227 on Wed Sep  4 09:44:18 MDT 2019
# IP Build 2633630 on Wed Sep  4 12:30:14 MDT 2019
# Start of session at: Wed Dec 11 12:40:14 2019
# Process ID: 3329
# Current directory: /home/smilo/Desktop/dma_ip_drivers/XDMA/linux-kernel/tools
# Command line: vivado
# Log file: /home/smilo/Desktop/dma_ip_drivers/XDMA/linux-kernel/tools/vivado.log
# Journal file: /home/smilo/Desktop/dma_ip_drivers/XDMA/linux-kernel/tools/vivado.jou
#-----------------------------------------------------------
start_gui
open_project /home/smilo/Desktop/naplesPUalveo/project_1/project_1.xpr
Scanning sources...
Finished scanning sources
INFO: [IP_Flow 19-234] Refreshing IP repositories
INFO: [IP_Flow 19-1700] Loaded user IP repository '/home/smilo/Desktop/naplesPUalveo/ip_repo/axitorouter_1.0'.
INFO: [IP_Flow 19-1700] Loaded user IP repository '/home/smilo/Desktop/naplesPUalveo/ip_repo/myip_1.0'.
INFO: [IP_Flow 19-1700] Loaded user IP repository '/home/smilo/Desktop/naplesPUalveo/ip_repo/slaveaxi_1.0'.
INFO: [IP_Flow 19-2313] Loaded Vivado IP repository '/opt/Xilinx/Vivado/2019.1/data/ip'.
open_project: Time (s): cpu = 00:00:38 ; elapsed = 00:00:17 . Memory (MB): peak = 6881.066 ; gain = 371.859 ; free physical = 56991 ; free virtual = 122391
open_hw
connect_hw_server
INFO: [Labtools 27-2285] Connecting to hw_server url TCP:localhost:3121
INFO: [Labtools 27-2222] Launching hw_server...
INFO: [Labtools 27-2221] Launch Output:

****** Xilinx hw_server v2019.1.3
  **** Build date : Sep  4 2019 at 10:02:20
    ** Copyright 1986-2019 Xilinx, Inc. All Rights Reserved.


open_hw_target
INFO: [Labtoolstcl 44-466] Opening hw_target localhost:3121/xilinx_tcf/Xilinx/21770297J00CA
set_property PROGRAM.FILE {/home/smilo/Desktop/naplesPUalveo/project_1/project_1.runs/impl_1/nexys4ddr_top.bit} [get_hw_devices xcu280_0]
set_property PROBES.FILE {/home/smilo/Desktop/naplesPUalveo/project_1/project_1.runs/impl_1/nexys4ddr_top.ltx} [get_hw_devices xcu280_0]
set_property FULL_PROBES.FILE {/home/smilo/Desktop/naplesPUalveo/project_1/project_1.runs/impl_1/nexys4ddr_top.ltx} [get_hw_devices xcu280_0]
current_hw_device [get_hw_devices xcu280_0]
refresh_hw_device [lindex [get_hw_devices xcu280_0] 0]
INFO: [Labtools 27-2302] Device xcu280 (JTAG device index = 0) is programmed with a design that has 1 HBM core(s).
INFO: [Labtools 27-2302] Device xcu280 (JTAG device index = 0) is programmed with a design that has 1 ILA core(s).
display_hw_ila_data [ get_hw_ila_data hw_ila_data_1 -of_objects [get_hw_ilas -of_objects [get_hw_devices xcu280_0] -filter {CELL_NAME=~"pcie/design_1_i/ila_0"}]]
update_compile_order -fileset sources_1
set_property TRIGGER_COMPARE_VALUE neq32'hXXXX_XXXX [get_hw_probes pcie/design_1_i/probe4_0_1 -of_objects [get_hw_ilas -of_objects [get_hw_devices xcu280_0] -filter {CELL_NAME=~"pcie/design_1_i/ila_0"}]]
set_property TRIGGER_COMPARE_VALUE neq32'h0001_0001 [get_hw_probes pcie/design_1_i/probe4_0_1 -of_objects [get_hw_ilas -of_objects [get_hw_devices xcu280_0] -filter {CELL_NAME=~"pcie/design_1_i/ila_0"}]]
run_hw_ila [get_hw_ilas -of_objects [get_hw_devices xcu280_0] -filter {CELL_NAME=~"pcie/design_1_i/ila_0"}]
INFO: [Labtools 27-1964] The ILA core 'hw_ila_1' trigger was armed at 2019-Dec-11 12:47:32
wait_on_hw_ila [get_hw_ilas -of_objects [get_hw_devices xcu280_0] -filter {CELL_NAME=~"pcie/design_1_i/ila_0"}]
display_hw_ila_data [upload_hw_ila_data [get_hw_ilas -of_objects [get_hw_devices xcu280_0] -filter {CELL_NAME=~"pcie/design_1_i/ila_0"}]]
INFO: [Labtools 27-1966] The ILA core 'hw_ila_1' triggered at 2019-Dec-11 12:47:52
INFO: [Labtools 27-3304] ILA Waveform data saved to file /home/smilo/Desktop/naplesPUalveo/project_1/project_1.hw/backup/hw_ila_data_1.ila. Use Tcl command 'read_hw_ila_data' or Vivado File->Import->Import ILA Data menu item to import the previously saved data.
run_hw_ila [get_hw_ilas -of_objects [get_hw_devices xcu280_0] -filter {CELL_NAME=~"pcie/design_1_i/ila_0"}]
INFO: [Labtools 27-1964] The ILA core 'hw_ila_1' trigger was armed at 2019-Dec-11 13:10:19
wait_on_hw_ila [get_hw_ilas -of_objects [get_hw_devices xcu280_0] -filter {CELL_NAME=~"pcie/design_1_i/ila_0"}]
display_hw_ila_data [upload_hw_ila_data [get_hw_ilas -of_objects [get_hw_devices xcu280_0] -filter {CELL_NAME=~"pcie/design_1_i/ila_0"}]]
INFO: [Labtools 27-1966] The ILA core 'hw_ila_1' triggered at 2019-Dec-11 13:11:52
INFO: [Labtools 27-3304] ILA Waveform data saved to file /home/smilo/Desktop/naplesPUalveo/project_1/project_1.hw/backup/hw_ila_data_1.ila. Use Tcl command 'read_hw_ila_data' or Vivado File->Import->Import ILA Data menu item to import the previously saved data.
run_hw_ila [get_hw_ilas -of_objects [get_hw_devices xcu280_0] -filter {CELL_NAME=~"pcie/design_1_i/ila_0"}]
INFO: [Labtools 27-1964] The ILA core 'hw_ila_1' trigger was armed at 2019-Dec-11 13:12:06
wait_on_hw_ila -timeout 0 [get_hw_ilas -of_objects [get_hw_devices xcu280_0] -filter {CELL_NAME=~"pcie/design_1_i/ila_0"}]
upload_hw_ila_data [get_hw_ilas -of_objects [get_hw_devices xcu280_0] -filter {CELL_NAME=~"pcie/design_1_i/ila_0"}]
INFO: [Labtools 27-1965] The ILA core 'hw_ila_1' trigger was stopped by user at 2019-Dec-11 13:12:07
WARNING: [Labtools 27-157] hw_ila [hw_ila_1] stopped. No data to upload.
run_hw_ila [get_hw_ilas -of_objects [get_hw_devices xcu280_0] -filter {CELL_NAME=~"pcie/design_1_i/ila_0"}] -trigger_now
INFO: [Labtools 27-1964] The ILA core 'hw_ila_1' trigger was armed at 2019-Dec-11 13:12:07
wait_on_hw_ila [get_hw_ilas -of_objects [get_hw_devices xcu280_0] -filter {CELL_NAME=~"pcie/design_1_i/ila_0"}]
display_hw_ila_data [upload_hw_ila_data [get_hw_ilas -of_objects [get_hw_devices xcu280_0] -filter {CELL_NAME=~"pcie/design_1_i/ila_0"}]]
INFO: [Labtools 27-1966] The ILA core 'hw_ila_1' triggered at 2019-Dec-11 13:12:07
INFO: [Labtools 27-3304] ILA Waveform data saved to file /home/smilo/Desktop/naplesPUalveo/project_1/project_1.hw/backup/hw_ila_data_1.ila. Use Tcl command 'read_hw_ila_data' or Vivado File->Import->Import ILA Data menu item to import the previously saved data.
run_hw_ila [get_hw_ilas -of_objects [get_hw_devices xcu280_0] -filter {CELL_NAME=~"pcie/design_1_i/ila_0"}] -trigger_now
INFO: [Labtools 27-1964] The ILA core 'hw_ila_1' trigger was armed at 2019-Dec-11 13:12:09
wait_on_hw_ila [get_hw_ilas -of_objects [get_hw_devices xcu280_0] -filter {CELL_NAME=~"pcie/design_1_i/ila_0"}]
display_hw_ila_data [upload_hw_ila_data [get_hw_ilas -of_objects [get_hw_devices xcu280_0] -filter {CELL_NAME=~"pcie/design_1_i/ila_0"}]]
INFO: [Labtools 27-1966] The ILA core 'hw_ila_1' triggered at 2019-Dec-11 13:12:09
INFO: [Labtools 27-3304] ILA Waveform data saved to file /home/smilo/Desktop/naplesPUalveo/project_1/project_1.hw/backup/hw_ila_data_1.ila. Use Tcl command 'read_hw_ila_data' or Vivado File->Import->Import ILA Data menu item to import the previously saved data.
run_hw_ila [get_hw_ilas -of_objects [get_hw_devices xcu280_0] -filter {CELL_NAME=~"pcie/design_1_i/ila_0"}] -trigger_now
INFO: [Labtools 27-1964] The ILA core 'hw_ila_1' trigger was armed at 2019-Dec-11 13:12:19
wait_on_hw_ila [get_hw_ilas -of_objects [get_hw_devices xcu280_0] -filter {CELL_NAME=~"pcie/design_1_i/ila_0"}]
display_hw_ila_data [upload_hw_ila_data [get_hw_ilas -of_objects [get_hw_devices xcu280_0] -filter {CELL_NAME=~"pcie/design_1_i/ila_0"}]]
INFO: [Labtools 27-1966] The ILA core 'hw_ila_1' triggered at 2019-Dec-11 13:12:19
INFO: [Labtools 27-3304] ILA Waveform data saved to file /home/smilo/Desktop/naplesPUalveo/project_1/project_1.hw/backup/hw_ila_data_1.ila. Use Tcl command 'read_hw_ila_data' or Vivado File->Import->Import ILA Data menu item to import the previously saved data.
run_hw_ila [get_hw_ilas -of_objects [get_hw_devices xcu280_0] -filter {CELL_NAME=~"pcie/design_1_i/ila_0"}] -trigger_now
INFO: [Labtools 27-1964] The ILA core 'hw_ila_1' trigger was armed at 2019-Dec-11 13:12:22
wait_on_hw_ila [get_hw_ilas -of_objects [get_hw_devices xcu280_0] -filter {CELL_NAME=~"pcie/design_1_i/ila_0"}]
display_hw_ila_data [upload_hw_ila_data [get_hw_ilas -of_objects [get_hw_devices xcu280_0] -filter {CELL_NAME=~"pcie/design_1_i/ila_0"}]]
INFO: [Labtools 27-1966] The ILA core 'hw_ila_1' triggered at 2019-Dec-11 13:12:22
INFO: [Labtools 27-3304] ILA Waveform data saved to file /home/smilo/Desktop/naplesPUalveo/project_1/project_1.hw/backup/hw_ila_data_1.ila. Use Tcl command 'read_hw_ila_data' or Vivado File->Import->Import ILA Data menu item to import the previously saved data.
run_hw_ila [get_hw_ilas -of_objects [get_hw_devices xcu280_0] -filter {CELL_NAME=~"pcie/design_1_i/ila_0"}] -trigger_now
INFO: [Labtools 27-1964] The ILA core 'hw_ila_1' trigger was armed at 2019-Dec-11 13:12:25
wait_on_hw_ila [get_hw_ilas -of_objects [get_hw_devices xcu280_0] -filter {CELL_NAME=~"pcie/design_1_i/ila_0"}]
display_hw_ila_data [upload_hw_ila_data [get_hw_ilas -of_objects [get_hw_devices xcu280_0] -filter {CELL_NAME=~"pcie/design_1_i/ila_0"}]]
INFO: [Labtools 27-1966] The ILA core 'hw_ila_1' triggered at 2019-Dec-11 13:12:25
INFO: [Labtools 27-3304] ILA Waveform data saved to file /home/smilo/Desktop/naplesPUalveo/project_1/project_1.hw/backup/hw_ila_data_1.ila. Use Tcl command 'read_hw_ila_data' or Vivado File->Import->Import ILA Data menu item to import the previously saved data.
run_hw_ila [get_hw_ilas -of_objects [get_hw_devices xcu280_0] -filter {CELL_NAME=~"pcie/design_1_i/ila_0"}] -trigger_now
INFO: [Labtools 27-1964] The ILA core 'hw_ila_1' trigger was armed at 2019-Dec-11 13:12:27
wait_on_hw_ila [get_hw_ilas -of_objects [get_hw_devices xcu280_0] -filter {CELL_NAME=~"pcie/design_1_i/ila_0"}]
display_hw_ila_data [upload_hw_ila_data [get_hw_ilas -of_objects [get_hw_devices xcu280_0] -filter {CELL_NAME=~"pcie/design_1_i/ila_0"}]]
INFO: [Labtools 27-1966] The ILA core 'hw_ila_1' triggered at 2019-Dec-11 13:12:27
INFO: [Labtools 27-3304] ILA Waveform data saved to file /home/smilo/Desktop/naplesPUalveo/project_1/project_1.hw/backup/hw_ila_data_1.ila. Use Tcl command 'read_hw_ila_data' or Vivado File->Import->Import ILA Data menu item to import the previously saved data.
run_hw_ila [get_hw_ilas -of_objects [get_hw_devices xcu280_0] -filter {CELL_NAME=~"pcie/design_1_i/ila_0"}] -trigger_now
INFO: [Labtools 27-1964] The ILA core 'hw_ila_1' trigger was armed at 2019-Dec-11 13:12:41
wait_on_hw_ila [get_hw_ilas -of_objects [get_hw_devices xcu280_0] -filter {CELL_NAME=~"pcie/design_1_i/ila_0"}]
display_hw_ila_data [upload_hw_ila_data [get_hw_ilas -of_objects [get_hw_devices xcu280_0] -filter {CELL_NAME=~"pcie/design_1_i/ila_0"}]]
INFO: [Labtools 27-1966] The ILA core 'hw_ila_1' triggered at 2019-Dec-11 13:12:41
INFO: [Labtools 27-3304] ILA Waveform data saved to file /home/smilo/Desktop/naplesPUalveo/project_1/project_1.hw/backup/hw_ila_data_1.ila. Use Tcl command 'read_hw_ila_data' or Vivado File->Import->Import ILA Data menu item to import the previously saved data.
run_hw_ila [get_hw_ilas -of_objects [get_hw_devices xcu280_0] -filter {CELL_NAME=~"pcie/design_1_i/ila_0"}]
INFO: [Labtools 27-1964] The ILA core 'hw_ila_1' trigger was armed at 2019-Dec-11 13:12:44
wait_on_hw_ila -timeout 0 [get_hw_ilas -of_objects [get_hw_devices xcu280_0] -filter {CELL_NAME=~"pcie/design_1_i/ila_0"}]
upload_hw_ila_data [get_hw_ilas -of_objects [get_hw_devices xcu280_0] -filter {CELL_NAME=~"pcie/design_1_i/ila_0"}]
INFO: [Labtools 27-1965] The ILA core 'hw_ila_1' trigger was stopped by user at 2019-Dec-11 13:12:50
WARNING: [Labtools 27-157] hw_ila [hw_ila_1] stopped. No data to upload.
run_hw_ila [get_hw_ilas -of_objects [get_hw_devices xcu280_0] -filter {CELL_NAME=~"pcie/design_1_i/ila_0"}] -trigger_now
INFO: [Labtools 27-1964] The ILA core 'hw_ila_1' trigger was armed at 2019-Dec-11 13:12:51
wait_on_hw_ila [get_hw_ilas -of_objects [get_hw_devices xcu280_0] -filter {CELL_NAME=~"pcie/design_1_i/ila_0"}]
display_hw_ila_data [upload_hw_ila_data [get_hw_ilas -of_objects [get_hw_devices xcu280_0] -filter {CELL_NAME=~"pcie/design_1_i/ila_0"}]]
INFO: [Labtools 27-1966] The ILA core 'hw_ila_1' triggered at 2019-Dec-11 13:12:51
INFO: [Labtools 27-3304] ILA Waveform data saved to file /home/smilo/Desktop/naplesPUalveo/project_1/project_1.hw/backup/hw_ila_data_1.ila. Use Tcl command 'read_hw_ila_data' or Vivado File->Import->Import ILA Data menu item to import the previously saved data.
run_hw_ila [get_hw_ilas -of_objects [get_hw_devices xcu280_0] -filter {CELL_NAME=~"pcie/design_1_i/ila_0"}]
INFO: [Labtools 27-1964] The ILA core 'hw_ila_1' trigger was armed at 2019-Dec-11 13:13:00
wait_on_hw_ila -timeout 0 [get_hw_ilas -of_objects [get_hw_devices xcu280_0] -filter {CELL_NAME=~"pcie/design_1_i/ila_0"}]
upload_hw_ila_data [get_hw_ilas -of_objects [get_hw_devices xcu280_0] -filter {CELL_NAME=~"pcie/design_1_i/ila_0"}]
INFO: [Labtools 27-1965] The ILA core 'hw_ila_1' trigger was stopped by user at 2019-Dec-11 13:14:00
WARNING: [Labtools 27-157] hw_ila [hw_ila_1] stopped. No data to upload.
run_hw_ila [get_hw_ilas -of_objects [get_hw_devices xcu280_0] -filter {CELL_NAME=~"pcie/design_1_i/ila_0"}] -trigger_now
INFO: [Labtools 27-1964] The ILA core 'hw_ila_1' trigger was armed at 2019-Dec-11 13:14:00
wait_on_hw_ila [get_hw_ilas -of_objects [get_hw_devices xcu280_0] -filter {CELL_NAME=~"pcie/design_1_i/ila_0"}]
display_hw_ila_data [upload_hw_ila_data [get_hw_ilas -of_objects [get_hw_devices xcu280_0] -filter {CELL_NAME=~"pcie/design_1_i/ila_0"}]]
INFO: [Labtools 27-1966] The ILA core 'hw_ila_1' triggered at 2019-Dec-11 13:14:00
INFO: [Labtools 27-3304] ILA Waveform data saved to file /home/smilo/Desktop/naplesPUalveo/project_1/project_1.hw/backup/hw_ila_data_1.ila. Use Tcl command 'read_hw_ila_data' or Vivado File->Import->Import ILA Data menu item to import the previously saved data.
run_hw_ila [get_hw_ilas -of_objects [get_hw_devices xcu280_0] -filter {CELL_NAME=~"pcie/design_1_i/ila_0"}]
INFO: [Labtools 27-1964] The ILA core 'hw_ila_1' trigger was armed at 2019-Dec-11 13:14:02
wait_on_hw_ila [get_hw_ilas -of_objects [get_hw_devices xcu280_0] -filter {CELL_NAME=~"pcie/design_1_i/ila_0"}]
display_hw_ila_data [upload_hw_ila_data [get_hw_ilas -of_objects [get_hw_devices xcu280_0] -filter {CELL_NAME=~"pcie/design_1_i/ila_0"}]]
INFO: [Labtools 27-1966] The ILA core 'hw_ila_1' triggered at 2019-Dec-11 13:14:18
INFO: [Labtools 27-3304] ILA Waveform data saved to file /home/smilo/Desktop/naplesPUalveo/project_1/project_1.hw/backup/hw_ila_data_1.ila. Use Tcl command 'read_hw_ila_data' or Vivado File->Import->Import ILA Data menu item to import the previously saved data.
run_hw_ila [get_hw_ilas -of_objects [get_hw_devices xcu280_0] -filter {CELL_NAME=~"pcie/design_1_i/ila_0"}]
INFO: [Labtools 27-1964] The ILA core 'hw_ila_1' trigger was armed at 2019-Dec-11 13:16:12
wait_on_hw_ila [get_hw_ilas -of_objects [get_hw_devices xcu280_0] -filter {CELL_NAME=~"pcie/design_1_i/ila_0"}]
display_hw_ila_data [upload_hw_ila_data [get_hw_ilas -of_objects [get_hw_devices xcu280_0] -filter {CELL_NAME=~"pcie/design_1_i/ila_0"}]]
INFO: [Labtools 27-1966] The ILA core 'hw_ila_1' triggered at 2019-Dec-11 13:17:36
INFO: [Labtools 27-3304] ILA Waveform data saved to file /home/smilo/Desktop/naplesPUalveo/project_1/project_1.hw/backup/hw_ila_data_1.ila. Use Tcl command 'read_hw_ila_data' or Vivado File->Import->Import ILA Data menu item to import the previously saved data.
run_hw_ila [get_hw_ilas -of_objects [get_hw_devices xcu280_0] -filter {CELL_NAME=~"pcie/design_1_i/ila_0"}]
INFO: [Labtools 27-1964] The ILA core 'hw_ila_1' trigger was armed at 2019-Dec-11 13:20:51
wait_on_hw_ila [get_hw_ilas -of_objects [get_hw_devices xcu280_0] -filter {CELL_NAME=~"pcie/design_1_i/ila_0"}]
display_hw_ila_data [upload_hw_ila_data [get_hw_ilas -of_objects [get_hw_devices xcu280_0] -filter {CELL_NAME=~"pcie/design_1_i/ila_0"}]]
INFO: [Labtools 27-1966] The ILA core 'hw_ila_1' triggered at 2019-Dec-11 13:21:07
INFO: [Labtools 27-3304] ILA Waveform data saved to file /home/smilo/Desktop/naplesPUalveo/project_1/project_1.hw/backup/hw_ila_data_1.ila. Use Tcl command 'read_hw_ila_data' or Vivado File->Import->Import ILA Data menu item to import the previously saved data.
run_hw_ila [get_hw_ilas -of_objects [get_hw_devices xcu280_0] -filter {CELL_NAME=~"pcie/design_1_i/ila_0"}]
INFO: [Labtools 27-1964] The ILA core 'hw_ila_1' trigger was armed at 2019-Dec-11 13:22:15
wait_on_hw_ila [get_hw_ilas -of_objects [get_hw_devices xcu280_0] -filter {CELL_NAME=~"pcie/design_1_i/ila_0"}]
display_hw_ila_data [upload_hw_ila_data [get_hw_ilas -of_objects [get_hw_devices xcu280_0] -filter {CELL_NAME=~"pcie/design_1_i/ila_0"}]]
INFO: [Labtools 27-1966] The ILA core 'hw_ila_1' triggered at 2019-Dec-11 13:22:36
INFO: [Labtools 27-3304] ILA Waveform data saved to file /home/smilo/Desktop/naplesPUalveo/project_1/project_1.hw/backup/hw_ila_data_1.ila. Use Tcl command 'read_hw_ila_data' or Vivado File->Import->Import ILA Data menu item to import the previously saved data.
run_hw_ila [get_hw_ilas -of_objects [get_hw_devices xcu280_0] -filter {CELL_NAME=~"pcie/design_1_i/ila_0"}]
INFO: [Labtools 27-1964] The ILA core 'hw_ila_1' trigger was armed at 2019-Dec-11 13:23:41
wait_on_hw_ila -timeout 0 [get_hw_ilas -of_objects [get_hw_devices xcu280_0] -filter {CELL_NAME=~"pcie/design_1_i/ila_0"}]
upload_hw_ila_data [get_hw_ilas -of_objects [get_hw_devices xcu280_0] -filter {CELL_NAME=~"pcie/design_1_i/ila_0"}]
INFO: [Labtools 27-1965] The ILA core 'hw_ila_1' trigger was stopped by user at 2019-Dec-11 13:24:20
WARNING: [Labtools 27-157] hw_ila [hw_ila_1] stopped. No data to upload.
run_hw_ila [get_hw_ilas -of_objects [get_hw_devices xcu280_0] -filter {CELL_NAME=~"pcie/design_1_i/ila_0"}] -trigger_now
INFO: [Labtools 27-1964] The ILA core 'hw_ila_1' trigger was armed at 2019-Dec-11 13:24:20
wait_on_hw_ila [get_hw_ilas -of_objects [get_hw_devices xcu280_0] -filter {CELL_NAME=~"pcie/design_1_i/ila_0"}]
display_hw_ila_data [upload_hw_ila_data [get_hw_ilas -of_objects [get_hw_devices xcu280_0] -filter {CELL_NAME=~"pcie/design_1_i/ila_0"}]]
INFO: [Labtools 27-1966] The ILA core 'hw_ila_1' triggered at 2019-Dec-11 13:24:20
INFO: [Labtools 27-3304] ILA Waveform data saved to file /home/smilo/Desktop/naplesPUalveo/project_1/project_1.hw/backup/hw_ila_data_1.ila. Use Tcl command 'read_hw_ila_data' or Vivado File->Import->Import ILA Data menu item to import the previously saved data.
run_hw_ila [get_hw_ilas -of_objects [get_hw_devices xcu280_0] -filter {CELL_NAME=~"pcie/design_1_i/ila_0"}] -trigger_now
INFO: [Labtools 27-1964] The ILA core 'hw_ila_1' trigger was armed at 2019-Dec-11 13:24:22
wait_on_hw_ila [get_hw_ilas -of_objects [get_hw_devices xcu280_0] -filter {CELL_NAME=~"pcie/design_1_i/ila_0"}]
display_hw_ila_data [upload_hw_ila_data [get_hw_ilas -of_objects [get_hw_devices xcu280_0] -filter {CELL_NAME=~"pcie/design_1_i/ila_0"}]]
INFO: [Labtools 27-1966] The ILA core 'hw_ila_1' triggered at 2019-Dec-11 13:24:22
INFO: [Labtools 27-3304] ILA Waveform data saved to file /home/smilo/Desktop/naplesPUalveo/project_1/project_1.hw/backup/hw_ila_data_1.ila. Use Tcl command 'read_hw_ila_data' or Vivado File->Import->Import ILA Data menu item to import the previously saved data.
run_hw_ila [get_hw_ilas -of_objects [get_hw_devices xcu280_0] -filter {CELL_NAME=~"pcie/design_1_i/ila_0"}] -trigger_now
INFO: [Labtools 27-1964] The ILA core 'hw_ila_1' trigger was armed at 2019-Dec-11 13:24:25
wait_on_hw_ila [get_hw_ilas -of_objects [get_hw_devices xcu280_0] -filter {CELL_NAME=~"pcie/design_1_i/ila_0"}]
display_hw_ila_data [upload_hw_ila_data [get_hw_ilas -of_objects [get_hw_devices xcu280_0] -filter {CELL_NAME=~"pcie/design_1_i/ila_0"}]]
INFO: [Labtools 27-1966] The ILA core 'hw_ila_1' triggered at 2019-Dec-11 13:24:25
INFO: [Labtools 27-3304] ILA Waveform data saved to file /home/smilo/Desktop/naplesPUalveo/project_1/project_1.hw/backup/hw_ila_data_1.ila. Use Tcl command 'read_hw_ila_data' or Vivado File->Import->Import ILA Data menu item to import the previously saved data.
run_hw_ila [get_hw_ilas -of_objects [get_hw_devices xcu280_0] -filter {CELL_NAME=~"pcie/design_1_i/ila_0"}] -trigger_now
INFO: [Labtools 27-1964] The ILA core 'hw_ila_1' trigger was armed at 2019-Dec-11 13:24:26
wait_on_hw_ila [get_hw_ilas -of_objects [get_hw_devices xcu280_0] -filter {CELL_NAME=~"pcie/design_1_i/ila_0"}]
display_hw_ila_data [upload_hw_ila_data [get_hw_ilas -of_objects [get_hw_devices xcu280_0] -filter {CELL_NAME=~"pcie/design_1_i/ila_0"}]]
INFO: [Labtools 27-1966] The ILA core 'hw_ila_1' triggered at 2019-Dec-11 13:24:26
INFO: [Labtools 27-3304] ILA Waveform data saved to file /home/smilo/Desktop/naplesPUalveo/project_1/project_1.hw/backup/hw_ila_data_1.ila. Use Tcl command 'read_hw_ila_data' or Vivado File->Import->Import ILA Data menu item to import the previously saved data.
run_hw_ila [get_hw_ilas -of_objects [get_hw_devices xcu280_0] -filter {CELL_NAME=~"pcie/design_1_i/ila_0"}] -trigger_now
INFO: [Labtools 27-1964] The ILA core 'hw_ila_1' trigger was armed at 2019-Dec-11 13:24:28
wait_on_hw_ila [get_hw_ilas -of_objects [get_hw_devices xcu280_0] -filter {CELL_NAME=~"pcie/design_1_i/ila_0"}]
display_hw_ila_data [upload_hw_ila_data [get_hw_ilas -of_objects [get_hw_devices xcu280_0] -filter {CELL_NAME=~"pcie/design_1_i/ila_0"}]]
INFO: [Labtools 27-1966] The ILA core 'hw_ila_1' triggered at 2019-Dec-11 13:24:28
INFO: [Labtools 27-3304] ILA Waveform data saved to file /home/smilo/Desktop/naplesPUalveo/project_1/project_1.hw/backup/hw_ila_data_1.ila. Use Tcl command 'read_hw_ila_data' or Vivado File->Import->Import ILA Data menu item to import the previously saved data.
run_hw_ila [get_hw_ilas -of_objects [get_hw_devices xcu280_0] -filter {CELL_NAME=~"pcie/design_1_i/ila_0"}] -trigger_now
INFO: [Labtools 27-1964] The ILA core 'hw_ila_1' trigger was armed at 2019-Dec-11 13:24:30
wait_on_hw_ila [get_hw_ilas -of_objects [get_hw_devices xcu280_0] -filter {CELL_NAME=~"pcie/design_1_i/ila_0"}]
display_hw_ila_data [upload_hw_ila_data [get_hw_ilas -of_objects [get_hw_devices xcu280_0] -filter {CELL_NAME=~"pcie/design_1_i/ila_0"}]]
INFO: [Labtools 27-1966] The ILA core 'hw_ila_1' triggered at 2019-Dec-11 13:24:30
INFO: [Labtools 27-3304] ILA Waveform data saved to file /home/smilo/Desktop/naplesPUalveo/project_1/project_1.hw/backup/hw_ila_data_1.ila. Use Tcl command 'read_hw_ila_data' or Vivado File->Import->Import ILA Data menu item to import the previously saved data.
run_hw_ila [get_hw_ilas -of_objects [get_hw_devices xcu280_0] -filter {CELL_NAME=~"pcie/design_1_i/ila_0"}] -trigger_now
INFO: [Labtools 27-1964] The ILA core 'hw_ila_1' trigger was armed at 2019-Dec-11 13:24:32
wait_on_hw_ila [get_hw_ilas -of_objects [get_hw_devices xcu280_0] -filter {CELL_NAME=~"pcie/design_1_i/ila_0"}]
display_hw_ila_data [upload_hw_ila_data [get_hw_ilas -of_objects [get_hw_devices xcu280_0] -filter {CELL_NAME=~"pcie/design_1_i/ila_0"}]]
INFO: [Labtools 27-1966] The ILA core 'hw_ila_1' triggered at 2019-Dec-11 13:24:32
INFO: [Labtools 27-3304] ILA Waveform data saved to file /home/smilo/Desktop/naplesPUalveo/project_1/project_1.hw/backup/hw_ila_data_1.ila. Use Tcl command 'read_hw_ila_data' or Vivado File->Import->Import ILA Data menu item to import the previously saved data.
run_hw_ila [get_hw_ilas -of_objects [get_hw_devices xcu280_0] -filter {CELL_NAME=~"pcie/design_1_i/ila_0"}] -trigger_now
INFO: [Labtools 27-1964] The ILA core 'hw_ila_1' trigger was armed at 2019-Dec-11 13:24:34
wait_on_hw_ila [get_hw_ilas -of_objects [get_hw_devices xcu280_0] -filter {CELL_NAME=~"pcie/design_1_i/ila_0"}]
display_hw_ila_data [upload_hw_ila_data [get_hw_ilas -of_objects [get_hw_devices xcu280_0] -filter {CELL_NAME=~"pcie/design_1_i/ila_0"}]]
INFO: [Labtools 27-1966] The ILA core 'hw_ila_1' triggered at 2019-Dec-11 13:24:34
INFO: [Labtools 27-3304] ILA Waveform data saved to file /home/smilo/Desktop/naplesPUalveo/project_1/project_1.hw/backup/hw_ila_data_1.ila. Use Tcl command 'read_hw_ila_data' or Vivado File->Import->Import ILA Data menu item to import the previously saved data.
run_hw_ila [get_hw_ilas -of_objects [get_hw_devices xcu280_0] -filter {CELL_NAME=~"pcie/design_1_i/ila_0"}] -trigger_now
INFO: [Labtools 27-1964] The ILA core 'hw_ila_1' trigger was armed at 2019-Dec-11 13:24:36
wait_on_hw_ila [get_hw_ilas -of_objects [get_hw_devices xcu280_0] -filter {CELL_NAME=~"pcie/design_1_i/ila_0"}]
display_hw_ila_data [upload_hw_ila_data [get_hw_ilas -of_objects [get_hw_devices xcu280_0] -filter {CELL_NAME=~"pcie/design_1_i/ila_0"}]]
INFO: [Labtools 27-1966] The ILA core 'hw_ila_1' triggered at 2019-Dec-11 13:24:36
INFO: [Labtools 27-3304] ILA Waveform data saved to file /home/smilo/Desktop/naplesPUalveo/project_1/project_1.hw/backup/hw_ila_data_1.ila. Use Tcl command 'read_hw_ila_data' or Vivado File->Import->Import ILA Data menu item to import the previously saved data.
run_hw_ila [get_hw_ilas -of_objects [get_hw_devices xcu280_0] -filter {CELL_NAME=~"pcie/design_1_i/ila_0"}] -trigger_now
INFO: [Labtools 27-1964] The ILA core 'hw_ila_1' trigger was armed at 2019-Dec-11 13:24:38
wait_on_hw_ila [get_hw_ilas -of_objects [get_hw_devices xcu280_0] -filter {CELL_NAME=~"pcie/design_1_i/ila_0"}]
display_hw_ila_data [upload_hw_ila_data [get_hw_ilas -of_objects [get_hw_devices xcu280_0] -filter {CELL_NAME=~"pcie/design_1_i/ila_0"}]]
INFO: [Labtools 27-1966] The ILA core 'hw_ila_1' triggered at 2019-Dec-11 13:24:38
INFO: [Labtools 27-3304] ILA Waveform data saved to file /home/smilo/Desktop/naplesPUalveo/project_1/project_1.hw/backup/hw_ila_data_1.ila. Use Tcl command 'read_hw_ila_data' or Vivado File->Import->Import ILA Data menu item to import the previously saved data.
run_hw_ila [get_hw_ilas -of_objects [get_hw_devices xcu280_0] -filter {CELL_NAME=~"pcie/design_1_i/ila_0"}] -trigger_now
INFO: [Labtools 27-1964] The ILA core 'hw_ila_1' trigger was armed at 2019-Dec-11 13:24:41
wait_on_hw_ila [get_hw_ilas -of_objects [get_hw_devices xcu280_0] -filter {CELL_NAME=~"pcie/design_1_i/ila_0"}]
display_hw_ila_data [upload_hw_ila_data [get_hw_ilas -of_objects [get_hw_devices xcu280_0] -filter {CELL_NAME=~"pcie/design_1_i/ila_0"}]]
INFO: [Labtools 27-1966] The ILA core 'hw_ila_1' triggered at 2019-Dec-11 13:24:41
INFO: [Labtools 27-3304] ILA Waveform data saved to file /home/smilo/Desktop/naplesPUalveo/project_1/project_1.hw/backup/hw_ila_data_1.ila. Use Tcl command 'read_hw_ila_data' or Vivado File->Import->Import ILA Data menu item to import the previously saved data.
run_hw_ila [get_hw_ilas -of_objects [get_hw_devices xcu280_0] -filter {CELL_NAME=~"pcie/design_1_i/ila_0"}] -trigger_now
INFO: [Labtools 27-1964] The ILA core 'hw_ila_1' trigger was armed at 2019-Dec-11 13:24:43
wait_on_hw_ila [get_hw_ilas -of_objects [get_hw_devices xcu280_0] -filter {CELL_NAME=~"pcie/design_1_i/ila_0"}]
display_hw_ila_data [upload_hw_ila_data [get_hw_ilas -of_objects [get_hw_devices xcu280_0] -filter {CELL_NAME=~"pcie/design_1_i/ila_0"}]]
INFO: [Labtools 27-1966] The ILA core 'hw_ila_1' triggered at 2019-Dec-11 13:24:43
INFO: [Labtools 27-3304] ILA Waveform data saved to file /home/smilo/Desktop/naplesPUalveo/project_1/project_1.hw/backup/hw_ila_data_1.ila. Use Tcl command 'read_hw_ila_data' or Vivado File->Import->Import ILA Data menu item to import the previously saved data.
run_hw_ila [get_hw_ilas -of_objects [get_hw_devices xcu280_0] -filter {CELL_NAME=~"pcie/design_1_i/ila_0"}] -trigger_now
INFO: [Labtools 27-1964] The ILA core 'hw_ila_1' trigger was armed at 2019-Dec-11 13:24:45
wait_on_hw_ila [get_hw_ilas -of_objects [get_hw_devices xcu280_0] -filter {CELL_NAME=~"pcie/design_1_i/ila_0"}]
display_hw_ila_data [upload_hw_ila_data [get_hw_ilas -of_objects [get_hw_devices xcu280_0] -filter {CELL_NAME=~"pcie/design_1_i/ila_0"}]]
INFO: [Labtools 27-1966] The ILA core 'hw_ila_1' triggered at 2019-Dec-11 13:24:45
INFO: [Labtools 27-3304] ILA Waveform data saved to file /home/smilo/Desktop/naplesPUalveo/project_1/project_1.hw/backup/hw_ila_data_1.ila. Use Tcl command 'read_hw_ila_data' or Vivado File->Import->Import ILA Data menu item to import the previously saved data.
run_hw_ila [get_hw_ilas -of_objects [get_hw_devices xcu280_0] -filter {CELL_NAME=~"pcie/design_1_i/ila_0"}] -trigger_now
INFO: [Labtools 27-1964] The ILA core 'hw_ila_1' trigger was armed at 2019-Dec-11 13:24:47
wait_on_hw_ila [get_hw_ilas -of_objects [get_hw_devices xcu280_0] -filter {CELL_NAME=~"pcie/design_1_i/ila_0"}]
display_hw_ila_data [upload_hw_ila_data [get_hw_ilas -of_objects [get_hw_devices xcu280_0] -filter {CELL_NAME=~"pcie/design_1_i/ila_0"}]]
INFO: [Labtools 27-1966] The ILA core 'hw_ila_1' triggered at 2019-Dec-11 13:24:47
INFO: [Labtools 27-3304] ILA Waveform data saved to file /home/smilo/Desktop/naplesPUalveo/project_1/project_1.hw/backup/hw_ila_data_1.ila. Use Tcl command 'read_hw_ila_data' or Vivado File->Import->Import ILA Data menu item to import the previously saved data.
run_hw_ila [get_hw_ilas -of_objects [get_hw_devices xcu280_0] -filter {CELL_NAME=~"pcie/design_1_i/ila_0"}] -trigger_now
INFO: [Labtools 27-1964] The ILA core 'hw_ila_1' trigger was armed at 2019-Dec-11 13:24:50
wait_on_hw_ila [get_hw_ilas -of_objects [get_hw_devices xcu280_0] -filter {CELL_NAME=~"pcie/design_1_i/ila_0"}]
display_hw_ila_data [upload_hw_ila_data [get_hw_ilas -of_objects [get_hw_devices xcu280_0] -filter {CELL_NAME=~"pcie/design_1_i/ila_0"}]]
INFO: [Labtools 27-1966] The ILA core 'hw_ila_1' triggered at 2019-Dec-11 13:24:50
INFO: [Labtools 27-3304] ILA Waveform data saved to file /home/smilo/Desktop/naplesPUalveo/project_1/project_1.hw/backup/hw_ila_data_1.ila. Use Tcl command 'read_hw_ila_data' or Vivado File->Import->Import ILA Data menu item to import the previously saved data.
run_hw_ila [get_hw_ilas -of_objects [get_hw_devices xcu280_0] -filter {CELL_NAME=~"pcie/design_1_i/ila_0"}] -trigger_now
INFO: [Labtools 27-1964] The ILA core 'hw_ila_1' trigger was armed at 2019-Dec-11 13:24:52
wait_on_hw_ila [get_hw_ilas -of_objects [get_hw_devices xcu280_0] -filter {CELL_NAME=~"pcie/design_1_i/ila_0"}]
display_hw_ila_data [upload_hw_ila_data [get_hw_ilas -of_objects [get_hw_devices xcu280_0] -filter {CELL_NAME=~"pcie/design_1_i/ila_0"}]]
INFO: [Labtools 27-1966] The ILA core 'hw_ila_1' triggered at 2019-Dec-11 13:24:52
INFO: [Labtools 27-3304] ILA Waveform data saved to file /home/smilo/Desktop/naplesPUalveo/project_1/project_1.hw/backup/hw_ila_data_1.ila. Use Tcl command 'read_hw_ila_data' or Vivado File->Import->Import ILA Data menu item to import the previously saved data.
run_hw_ila [get_hw_ilas -of_objects [get_hw_devices xcu280_0] -filter {CELL_NAME=~"pcie/design_1_i/ila_0"}]
INFO: [Labtools 27-1964] The ILA core 'hw_ila_1' trigger was armed at 2019-Dec-11 13:24:54
wait_on_hw_ila [get_hw_ilas -of_objects [get_hw_devices xcu280_0] -filter {CELL_NAME=~"pcie/design_1_i/ila_0"}]
display_hw_ila_data [upload_hw_ila_data [get_hw_ilas -of_objects [get_hw_devices xcu280_0] -filter {CELL_NAME=~"pcie/design_1_i/ila_0"}]]
INFO: [Labtools 27-1966] The ILA core 'hw_ila_1' triggered at 2019-Dec-11 13:25:55
INFO: [Labtools 27-3304] ILA Waveform data saved to file /home/smilo/Desktop/naplesPUalveo/project_1/project_1.hw/backup/hw_ila_data_1.ila. Use Tcl command 'read_hw_ila_data' or Vivado File->Import->Import ILA Data menu item to import the previously saved data.
run_hw_ila [get_hw_ilas -of_objects [get_hw_devices xcu280_0] -filter {CELL_NAME=~"pcie/design_1_i/ila_0"}]
INFO: [Labtools 27-1964] The ILA core 'hw_ila_1' trigger was armed at 2019-Dec-11 13:26:14
wait_on_hw_ila -timeout 0 [get_hw_ilas -of_objects [get_hw_devices xcu280_0] -filter {CELL_NAME=~"pcie/design_1_i/ila_0"}]
upload_hw_ila_data [get_hw_ilas -of_objects [get_hw_devices xcu280_0] -filter {CELL_NAME=~"pcie/design_1_i/ila_0"}]
INFO: [Labtools 27-1965] The ILA core 'hw_ila_1' trigger was stopped by user at 2019-Dec-11 13:28:11
WARNING: [Labtools 27-157] hw_ila [hw_ila_1] stopped. No data to upload.
run_hw_ila [get_hw_ilas -of_objects [get_hw_devices xcu280_0] -filter {CELL_NAME=~"pcie/design_1_i/ila_0"}] -trigger_now
INFO: [Labtools 27-1964] The ILA core 'hw_ila_1' trigger was armed at 2019-Dec-11 13:28:11
wait_on_hw_ila [get_hw_ilas -of_objects [get_hw_devices xcu280_0] -filter {CELL_NAME=~"pcie/design_1_i/ila_0"}]
display_hw_ila_data [upload_hw_ila_data [get_hw_ilas -of_objects [get_hw_devices xcu280_0] -filter {CELL_NAME=~"pcie/design_1_i/ila_0"}]]
INFO: [Labtools 27-1966] The ILA core 'hw_ila_1' triggered at 2019-Dec-11 13:28:11
INFO: [Labtools 27-3304] ILA Waveform data saved to file /home/smilo/Desktop/naplesPUalveo/project_1/project_1.hw/backup/hw_ila_data_1.ila. Use Tcl command 'read_hw_ila_data' or Vivado File->Import->Import ILA Data menu item to import the previously saved data.
run_hw_ila [get_hw_ilas -of_objects [get_hw_devices xcu280_0] -filter {CELL_NAME=~"pcie/design_1_i/ila_0"}] -trigger_now
INFO: [Labtools 27-1964] The ILA core 'hw_ila_1' trigger was armed at 2019-Dec-11 13:28:13
wait_on_hw_ila [get_hw_ilas -of_objects [get_hw_devices xcu280_0] -filter {CELL_NAME=~"pcie/design_1_i/ila_0"}]
display_hw_ila_data [upload_hw_ila_data [get_hw_ilas -of_objects [get_hw_devices xcu280_0] -filter {CELL_NAME=~"pcie/design_1_i/ila_0"}]]
INFO: [Labtools 27-1966] The ILA core 'hw_ila_1' triggered at 2019-Dec-11 13:28:13
INFO: [Labtools 27-3304] ILA Waveform data saved to file /home/smilo/Desktop/naplesPUalveo/project_1/project_1.hw/backup/hw_ila_data_1.ila. Use Tcl command 'read_hw_ila_data' or Vivado File->Import->Import ILA Data menu item to import the previously saved data.
run_hw_ila [get_hw_ilas -of_objects [get_hw_devices xcu280_0] -filter {CELL_NAME=~"pcie/design_1_i/ila_0"}]
INFO: [Labtools 27-1964] The ILA core 'hw_ila_1' trigger was armed at 2019-Dec-11 13:28:15
wait_on_hw_ila [get_hw_ilas -of_objects [get_hw_devices xcu280_0] -filter {CELL_NAME=~"pcie/design_1_i/ila_0"}]
display_hw_ila_data [upload_hw_ila_data [get_hw_ilas -of_objects [get_hw_devices xcu280_0] -filter {CELL_NAME=~"pcie/design_1_i/ila_0"}]]
INFO: [Labtools 27-1966] The ILA core 'hw_ila_1' triggered at 2019-Dec-11 13:28:28
INFO: [Labtools 27-3304] ILA Waveform data saved to file /home/smilo/Desktop/naplesPUalveo/project_1/project_1.hw/backup/hw_ila_data_1.ila. Use Tcl command 'read_hw_ila_data' or Vivado File->Import->Import ILA Data menu item to import the previously saved data.
run_hw_ila [get_hw_ilas -of_objects [get_hw_devices xcu280_0] -filter {CELL_NAME=~"pcie/design_1_i/ila_0"}]
INFO: [Labtools 27-1964] The ILA core 'hw_ila_1' trigger was armed at 2019-Dec-11 13:29:40
wait_on_hw_ila -timeout 0 [get_hw_ilas -of_objects [get_hw_devices xcu280_0] -filter {CELL_NAME=~"pcie/design_1_i/ila_0"}]
upload_hw_ila_data [get_hw_ilas -of_objects [get_hw_devices xcu280_0] -filter {CELL_NAME=~"pcie/design_1_i/ila_0"}]
INFO: [Labtools 27-1965] The ILA core 'hw_ila_1' trigger was stopped by user at 2019-Dec-11 13:32:19
WARNING: [Labtools 27-157] hw_ila [hw_ila_1] stopped. No data to upload.
run_hw_ila [get_hw_ilas -of_objects [get_hw_devices xcu280_0] -filter {CELL_NAME=~"pcie/design_1_i/ila_0"}] -trigger_now
INFO: [Labtools 27-1964] The ILA core 'hw_ila_1' trigger was armed at 2019-Dec-11 13:32:19
wait_on_hw_ila [get_hw_ilas -of_objects [get_hw_devices xcu280_0] -filter {CELL_NAME=~"pcie/design_1_i/ila_0"}]
display_hw_ila_data [upload_hw_ila_data [get_hw_ilas -of_objects [get_hw_devices xcu280_0] -filter {CELL_NAME=~"pcie/design_1_i/ila_0"}]]
INFO: [Labtools 27-1966] The ILA core 'hw_ila_1' triggered at 2019-Dec-11 13:32:19
INFO: [Labtools 27-3304] ILA Waveform data saved to file /home/smilo/Desktop/naplesPUalveo/project_1/project_1.hw/backup/hw_ila_data_1.ila. Use Tcl command 'read_hw_ila_data' or Vivado File->Import->Import ILA Data menu item to import the previously saved data.
run_hw_ila [get_hw_ilas -of_objects [get_hw_devices xcu280_0] -filter {CELL_NAME=~"pcie/design_1_i/ila_0"}] -trigger_now
INFO: [Labtools 27-1964] The ILA core 'hw_ila_1' trigger was armed at 2019-Dec-11 13:32:21
wait_on_hw_ila [get_hw_ilas -of_objects [get_hw_devices xcu280_0] -filter {CELL_NAME=~"pcie/design_1_i/ila_0"}]
display_hw_ila_data [upload_hw_ila_data [get_hw_ilas -of_objects [get_hw_devices xcu280_0] -filter {CELL_NAME=~"pcie/design_1_i/ila_0"}]]
INFO: [Labtools 27-1966] The ILA core 'hw_ila_1' triggered at 2019-Dec-11 13:32:21
INFO: [Labtools 27-3304] ILA Waveform data saved to file /home/smilo/Desktop/naplesPUalveo/project_1/project_1.hw/backup/hw_ila_data_1.ila. Use Tcl command 'read_hw_ila_data' or Vivado File->Import->Import ILA Data menu item to import the previously saved data.
run_hw_ila [get_hw_ilas -of_objects [get_hw_devices xcu280_0] -filter {CELL_NAME=~"pcie/design_1_i/ila_0"}] -trigger_now
INFO: [Labtools 27-1964] The ILA core 'hw_ila_1' trigger was armed at 2019-Dec-11 13:32:23
wait_on_hw_ila [get_hw_ilas -of_objects [get_hw_devices xcu280_0] -filter {CELL_NAME=~"pcie/design_1_i/ila_0"}]
display_hw_ila_data [upload_hw_ila_data [get_hw_ilas -of_objects [get_hw_devices xcu280_0] -filter {CELL_NAME=~"pcie/design_1_i/ila_0"}]]
INFO: [Labtools 27-1966] The ILA core 'hw_ila_1' triggered at 2019-Dec-11 13:32:23
INFO: [Labtools 27-3304] ILA Waveform data saved to file /home/smilo/Desktop/naplesPUalveo/project_1/project_1.hw/backup/hw_ila_data_1.ila. Use Tcl command 'read_hw_ila_data' or Vivado File->Import->Import ILA Data menu item to import the previously saved data.
run_hw_ila [get_hw_ilas -of_objects [get_hw_devices xcu280_0] -filter {CELL_NAME=~"pcie/design_1_i/ila_0"}] -trigger_now
INFO: [Labtools 27-1964] The ILA core 'hw_ila_1' trigger was armed at 2019-Dec-11 13:32:25
wait_on_hw_ila [get_hw_ilas -of_objects [get_hw_devices xcu280_0] -filter {CELL_NAME=~"pcie/design_1_i/ila_0"}]
display_hw_ila_data [upload_hw_ila_data [get_hw_ilas -of_objects [get_hw_devices xcu280_0] -filter {CELL_NAME=~"pcie/design_1_i/ila_0"}]]
INFO: [Labtools 27-1966] The ILA core 'hw_ila_1' triggered at 2019-Dec-11 13:32:25
INFO: [Labtools 27-3304] ILA Waveform data saved to file /home/smilo/Desktop/naplesPUalveo/project_1/project_1.hw/backup/hw_ila_data_1.ila. Use Tcl command 'read_hw_ila_data' or Vivado File->Import->Import ILA Data menu item to import the previously saved data.
run_hw_ila [get_hw_ilas -of_objects [get_hw_devices xcu280_0] -filter {CELL_NAME=~"pcie/design_1_i/ila_0"}]
INFO: [Labtools 27-1964] The ILA core 'hw_ila_1' trigger was armed at 2019-Dec-11 13:32:27
wait_on_hw_ila [get_hw_ilas -of_objects [get_hw_devices xcu280_0] -filter {CELL_NAME=~"pcie/design_1_i/ila_0"}]
display_hw_ila_data [upload_hw_ila_data [get_hw_ilas -of_objects [get_hw_devices xcu280_0] -filter {CELL_NAME=~"pcie/design_1_i/ila_0"}]]
INFO: [Labtools 27-1966] The ILA core 'hw_ila_1' triggered at 2019-Dec-11 13:34:32
INFO: [Labtools 27-3304] ILA Waveform data saved to file /home/smilo/Desktop/naplesPUalveo/project_1/project_1.hw/backup/hw_ila_data_1.ila. Use Tcl command 'read_hw_ila_data' or Vivado File->Import->Import ILA Data menu item to import the previously saved data.
run_hw_ila [get_hw_ilas -of_objects [get_hw_devices xcu280_0] -filter {CELL_NAME=~"pcie/design_1_i/ila_0"}] -trigger_now
INFO: [Labtools 27-1964] The ILA core 'hw_ila_1' trigger was armed at 2019-Dec-11 13:34:38
wait_on_hw_ila [get_hw_ilas -of_objects [get_hw_devices xcu280_0] -filter {CELL_NAME=~"pcie/design_1_i/ila_0"}]
display_hw_ila_data [upload_hw_ila_data [get_hw_ilas -of_objects [get_hw_devices xcu280_0] -filter {CELL_NAME=~"pcie/design_1_i/ila_0"}]]
INFO: [Labtools 27-1966] The ILA core 'hw_ila_1' triggered at 2019-Dec-11 13:34:38
INFO: [Labtools 27-3304] ILA Waveform data saved to file /home/smilo/Desktop/naplesPUalveo/project_1/project_1.hw/backup/hw_ila_data_1.ila. Use Tcl command 'read_hw_ila_data' or Vivado File->Import->Import ILA Data menu item to import the previously saved data.
run_hw_ila [get_hw_ilas -of_objects [get_hw_devices xcu280_0] -filter {CELL_NAME=~"pcie/design_1_i/ila_0"}] -trigger_now
INFO: [Labtools 27-1964] The ILA core 'hw_ila_1' trigger was armed at 2019-Dec-11 13:34:40
wait_on_hw_ila [get_hw_ilas -of_objects [get_hw_devices xcu280_0] -filter {CELL_NAME=~"pcie/design_1_i/ila_0"}]
display_hw_ila_data [upload_hw_ila_data [get_hw_ilas -of_objects [get_hw_devices xcu280_0] -filter {CELL_NAME=~"pcie/design_1_i/ila_0"}]]
INFO: [Labtools 27-1966] The ILA core 'hw_ila_1' triggered at 2019-Dec-11 13:34:40
INFO: [Labtools 27-3304] ILA Waveform data saved to file /home/smilo/Desktop/naplesPUalveo/project_1/project_1.hw/backup/hw_ila_data_1.ila. Use Tcl command 'read_hw_ila_data' or Vivado File->Import->Import ILA Data menu item to import the previously saved data.
run_hw_ila [get_hw_ilas -of_objects [get_hw_devices xcu280_0] -filter {CELL_NAME=~"pcie/design_1_i/ila_0"}]
INFO: [Labtools 27-1964] The ILA core 'hw_ila_1' trigger was armed at 2019-Dec-11 13:35:36
wait_on_hw_ila [get_hw_ilas -of_objects [get_hw_devices xcu280_0] -filter {CELL_NAME=~"pcie/design_1_i/ila_0"}]
display_hw_ila_data [upload_hw_ila_data [get_hw_ilas -of_objects [get_hw_devices xcu280_0] -filter {CELL_NAME=~"pcie/design_1_i/ila_0"}]]
INFO: [Labtools 27-1966] The ILA core 'hw_ila_1' triggered at 2019-Dec-11 13:37:48
INFO: [Labtools 27-3304] ILA Waveform data saved to file /home/smilo/Desktop/naplesPUalveo/project_1/project_1.hw/backup/hw_ila_data_1.ila. Use Tcl command 'read_hw_ila_data' or Vivado File->Import->Import ILA Data menu item to import the previously saved data.
run_hw_ila [get_hw_ilas -of_objects [get_hw_devices xcu280_0] -filter {CELL_NAME=~"pcie/design_1_i/ila_0"}] -trigger_now
INFO: [Labtools 27-1964] The ILA core 'hw_ila_1' trigger was armed at 2019-Dec-11 13:37:53
wait_on_hw_ila [get_hw_ilas -of_objects [get_hw_devices xcu280_0] -filter {CELL_NAME=~"pcie/design_1_i/ila_0"}]
display_hw_ila_data [upload_hw_ila_data [get_hw_ilas -of_objects [get_hw_devices xcu280_0] -filter {CELL_NAME=~"pcie/design_1_i/ila_0"}]]
INFO: [Labtools 27-1966] The ILA core 'hw_ila_1' triggered at 2019-Dec-11 13:37:53
INFO: [Labtools 27-3304] ILA Waveform data saved to file /home/smilo/Desktop/naplesPUalveo/project_1/project_1.hw/backup/hw_ila_data_1.ila. Use Tcl command 'read_hw_ila_data' or Vivado File->Import->Import ILA Data menu item to import the previously saved data.
run_hw_ila [get_hw_ilas -of_objects [get_hw_devices xcu280_0] -filter {CELL_NAME=~"pcie/design_1_i/ila_0"}] -trigger_now
INFO: [Labtools 27-1964] The ILA core 'hw_ila_1' trigger was armed at 2019-Dec-11 13:37:57
wait_on_hw_ila [get_hw_ilas -of_objects [get_hw_devices xcu280_0] -filter {CELL_NAME=~"pcie/design_1_i/ila_0"}]
display_hw_ila_data [upload_hw_ila_data [get_hw_ilas -of_objects [get_hw_devices xcu280_0] -filter {CELL_NAME=~"pcie/design_1_i/ila_0"}]]
INFO: [Labtools 27-1966] The ILA core 'hw_ila_1' triggered at 2019-Dec-11 13:37:57
INFO: [Labtools 27-3304] ILA Waveform data saved to file /home/smilo/Desktop/naplesPUalveo/project_1/project_1.hw/backup/hw_ila_data_1.ila. Use Tcl command 'read_hw_ila_data' or Vivado File->Import->Import ILA Data menu item to import the previously saved data.
run_hw_ila [get_hw_ilas -of_objects [get_hw_devices xcu280_0] -filter {CELL_NAME=~"pcie/design_1_i/ila_0"}] -trigger_now
INFO: [Labtools 27-1964] The ILA core 'hw_ila_1' trigger was armed at 2019-Dec-11 13:38:08
wait_on_hw_ila [get_hw_ilas -of_objects [get_hw_devices xcu280_0] -filter {CELL_NAME=~"pcie/design_1_i/ila_0"}]
display_hw_ila_data [upload_hw_ila_data [get_hw_ilas -of_objects [get_hw_devices xcu280_0] -filter {CELL_NAME=~"pcie/design_1_i/ila_0"}]]
INFO: [Labtools 27-1966] The ILA core 'hw_ila_1' triggered at 2019-Dec-11 13:38:08
INFO: [Labtools 27-3304] ILA Waveform data saved to file /home/smilo/Desktop/naplesPUalveo/project_1/project_1.hw/backup/hw_ila_data_1.ila. Use Tcl command 'read_hw_ila_data' or Vivado File->Import->Import ILA Data menu item to import the previously saved data.
run_hw_ila [get_hw_ilas -of_objects [get_hw_devices xcu280_0] -filter {CELL_NAME=~"pcie/design_1_i/ila_0"}] -trigger_now
INFO: [Labtools 27-1964] The ILA core 'hw_ila_1' trigger was armed at 2019-Dec-11 13:38:15
wait_on_hw_ila [get_hw_ilas -of_objects [get_hw_devices xcu280_0] -filter {CELL_NAME=~"pcie/design_1_i/ila_0"}]
display_hw_ila_data [upload_hw_ila_data [get_hw_ilas -of_objects [get_hw_devices xcu280_0] -filter {CELL_NAME=~"pcie/design_1_i/ila_0"}]]
INFO: [Labtools 27-1966] The ILA core 'hw_ila_1' triggered at 2019-Dec-11 13:38:15
INFO: [Labtools 27-3304] ILA Waveform data saved to file /home/smilo/Desktop/naplesPUalveo/project_1/project_1.hw/backup/hw_ila_data_1.ila. Use Tcl command 'read_hw_ila_data' or Vivado File->Import->Import ILA Data menu item to import the previously saved data.
run_hw_ila [get_hw_ilas -of_objects [get_hw_devices xcu280_0] -filter {CELL_NAME=~"pcie/design_1_i/ila_0"}] -trigger_now
INFO: [Labtools 27-1964] The ILA core 'hw_ila_1' trigger was armed at 2019-Dec-11 13:38:17
wait_on_hw_ila [get_hw_ilas -of_objects [get_hw_devices xcu280_0] -filter {CELL_NAME=~"pcie/design_1_i/ila_0"}]
display_hw_ila_data [upload_hw_ila_data [get_hw_ilas -of_objects [get_hw_devices xcu280_0] -filter {CELL_NAME=~"pcie/design_1_i/ila_0"}]]
INFO: [Labtools 27-1966] The ILA core 'hw_ila_1' triggered at 2019-Dec-11 13:38:17
INFO: [Labtools 27-3304] ILA Waveform data saved to file /home/smilo/Desktop/naplesPUalveo/project_1/project_1.hw/backup/hw_ila_data_1.ila. Use Tcl command 'read_hw_ila_data' or Vivado File->Import->Import ILA Data menu item to import the previously saved data.
run_hw_ila [get_hw_ilas -of_objects [get_hw_devices xcu280_0] -filter {CELL_NAME=~"pcie/design_1_i/ila_0"}] -trigger_now
INFO: [Labtools 27-1964] The ILA core 'hw_ila_1' trigger was armed at 2019-Dec-11 13:38:19
wait_on_hw_ila [get_hw_ilas -of_objects [get_hw_devices xcu280_0] -filter {CELL_NAME=~"pcie/design_1_i/ila_0"}]
display_hw_ila_data [upload_hw_ila_data [get_hw_ilas -of_objects [get_hw_devices xcu280_0] -filter {CELL_NAME=~"pcie/design_1_i/ila_0"}]]
INFO: [Labtools 27-1966] The ILA core 'hw_ila_1' triggered at 2019-Dec-11 13:38:19
INFO: [Labtools 27-3304] ILA Waveform data saved to file /home/smilo/Desktop/naplesPUalveo/project_1/project_1.hw/backup/hw_ila_data_1.ila. Use Tcl command 'read_hw_ila_data' or Vivado File->Import->Import ILA Data menu item to import the previously saved data.
run_hw_ila [get_hw_ilas -of_objects [get_hw_devices xcu280_0] -filter {CELL_NAME=~"pcie/design_1_i/ila_0"}] -trigger_now
INFO: [Labtools 27-1964] The ILA core 'hw_ila_1' trigger was armed at 2019-Dec-11 13:38:21
wait_on_hw_ila [get_hw_ilas -of_objects [get_hw_devices xcu280_0] -filter {CELL_NAME=~"pcie/design_1_i/ila_0"}]
display_hw_ila_data [upload_hw_ila_data [get_hw_ilas -of_objects [get_hw_devices xcu280_0] -filter {CELL_NAME=~"pcie/design_1_i/ila_0"}]]
INFO: [Labtools 27-1966] The ILA core 'hw_ila_1' triggered at 2019-Dec-11 13:38:21
INFO: [Labtools 27-3304] ILA Waveform data saved to file /home/smilo/Desktop/naplesPUalveo/project_1/project_1.hw/backup/hw_ila_data_1.ila. Use Tcl command 'read_hw_ila_data' or Vivado File->Import->Import ILA Data menu item to import the previously saved data.
run_hw_ila [get_hw_ilas -of_objects [get_hw_devices xcu280_0] -filter {CELL_NAME=~"pcie/design_1_i/ila_0"}] -trigger_now
INFO: [Labtools 27-1964] The ILA core 'hw_ila_1' trigger was armed at 2019-Dec-11 13:38:22
wait_on_hw_ila [get_hw_ilas -of_objects [get_hw_devices xcu280_0] -filter {CELL_NAME=~"pcie/design_1_i/ila_0"}]
display_hw_ila_data [upload_hw_ila_data [get_hw_ilas -of_objects [get_hw_devices xcu280_0] -filter {CELL_NAME=~"pcie/design_1_i/ila_0"}]]
INFO: [Labtools 27-1966] The ILA core 'hw_ila_1' triggered at 2019-Dec-11 13:38:22
INFO: [Labtools 27-3304] ILA Waveform data saved to file /home/smilo/Desktop/naplesPUalveo/project_1/project_1.hw/backup/hw_ila_data_1.ila. Use Tcl command 'read_hw_ila_data' or Vivado File->Import->Import ILA Data menu item to import the previously saved data.
run_hw_ila [get_hw_ilas -of_objects [get_hw_devices xcu280_0] -filter {CELL_NAME=~"pcie/design_1_i/ila_0"}] -trigger_now
INFO: [Labtools 27-1964] The ILA core 'hw_ila_1' trigger was armed at 2019-Dec-11 13:38:26
wait_on_hw_ila [get_hw_ilas -of_objects [get_hw_devices xcu280_0] -filter {CELL_NAME=~"pcie/design_1_i/ila_0"}]
display_hw_ila_data [upload_hw_ila_data [get_hw_ilas -of_objects [get_hw_devices xcu280_0] -filter {CELL_NAME=~"pcie/design_1_i/ila_0"}]]
INFO: [Labtools 27-1966] The ILA core 'hw_ila_1' triggered at 2019-Dec-11 13:38:26
INFO: [Labtools 27-3304] ILA Waveform data saved to file /home/smilo/Desktop/naplesPUalveo/project_1/project_1.hw/backup/hw_ila_data_1.ila. Use Tcl command 'read_hw_ila_data' or Vivado File->Import->Import ILA Data menu item to import the previously saved data.
run_hw_ila [get_hw_ilas -of_objects [get_hw_devices xcu280_0] -filter {CELL_NAME=~"pcie/design_1_i/ila_0"}] -trigger_now
INFO: [Labtools 27-1964] The ILA core 'hw_ila_1' trigger was armed at 2019-Dec-11 13:38:28
wait_on_hw_ila [get_hw_ilas -of_objects [get_hw_devices xcu280_0] -filter {CELL_NAME=~"pcie/design_1_i/ila_0"}]
display_hw_ila_data [upload_hw_ila_data [get_hw_ilas -of_objects [get_hw_devices xcu280_0] -filter {CELL_NAME=~"pcie/design_1_i/ila_0"}]]
INFO: [Labtools 27-1966] The ILA core 'hw_ila_1' triggered at 2019-Dec-11 13:38:28
INFO: [Labtools 27-3304] ILA Waveform data saved to file /home/smilo/Desktop/naplesPUalveo/project_1/project_1.hw/backup/hw_ila_data_1.ila. Use Tcl command 'read_hw_ila_data' or Vivado File->Import->Import ILA Data menu item to import the previously saved data.
run_hw_ila [get_hw_ilas -of_objects [get_hw_devices xcu280_0] -filter {CELL_NAME=~"pcie/design_1_i/ila_0"}] -trigger_now
INFO: [Labtools 27-1964] The ILA core 'hw_ila_1' trigger was armed at 2019-Dec-11 13:38:30
wait_on_hw_ila [get_hw_ilas -of_objects [get_hw_devices xcu280_0] -filter {CELL_NAME=~"pcie/design_1_i/ila_0"}]
display_hw_ila_data [upload_hw_ila_data [get_hw_ilas -of_objects [get_hw_devices xcu280_0] -filter {CELL_NAME=~"pcie/design_1_i/ila_0"}]]
INFO: [Labtools 27-1966] The ILA core 'hw_ila_1' triggered at 2019-Dec-11 13:38:30
INFO: [Labtools 27-3304] ILA Waveform data saved to file /home/smilo/Desktop/naplesPUalveo/project_1/project_1.hw/backup/hw_ila_data_1.ila. Use Tcl command 'read_hw_ila_data' or Vivado File->Import->Import ILA Data menu item to import the previously saved data.
run_hw_ila [get_hw_ilas -of_objects [get_hw_devices xcu280_0] -filter {CELL_NAME=~"pcie/design_1_i/ila_0"}] -trigger_now
INFO: [Labtools 27-1964] The ILA core 'hw_ila_1' trigger was armed at 2019-Dec-11 13:38:32
wait_on_hw_ila [get_hw_ilas -of_objects [get_hw_devices xcu280_0] -filter {CELL_NAME=~"pcie/design_1_i/ila_0"}]
display_hw_ila_data [upload_hw_ila_data [get_hw_ilas -of_objects [get_hw_devices xcu280_0] -filter {CELL_NAME=~"pcie/design_1_i/ila_0"}]]
INFO: [Labtools 27-1966] The ILA core 'hw_ila_1' triggered at 2019-Dec-11 13:38:32
INFO: [Labtools 27-3304] ILA Waveform data saved to file /home/smilo/Desktop/naplesPUalveo/project_1/project_1.hw/backup/hw_ila_data_1.ila. Use Tcl command 'read_hw_ila_data' or Vivado File->Import->Import ILA Data menu item to import the previously saved data.
run_hw_ila [get_hw_ilas -of_objects [get_hw_devices xcu280_0] -filter {CELL_NAME=~"pcie/design_1_i/ila_0"}] -trigger_now
INFO: [Labtools 27-1964] The ILA core 'hw_ila_1' trigger was armed at 2019-Dec-11 13:38:34
wait_on_hw_ila [get_hw_ilas -of_objects [get_hw_devices xcu280_0] -filter {CELL_NAME=~"pcie/design_1_i/ila_0"}]
display_hw_ila_data [upload_hw_ila_data [get_hw_ilas -of_objects [get_hw_devices xcu280_0] -filter {CELL_NAME=~"pcie/design_1_i/ila_0"}]]
INFO: [Labtools 27-1966] The ILA core 'hw_ila_1' triggered at 2019-Dec-11 13:38:34
INFO: [Labtools 27-3304] ILA Waveform data saved to file /home/smilo/Desktop/naplesPUalveo/project_1/project_1.hw/backup/hw_ila_data_1.ila. Use Tcl command 'read_hw_ila_data' or Vivado File->Import->Import ILA Data menu item to import the previously saved data.
run_hw_ila [get_hw_ilas -of_objects [get_hw_devices xcu280_0] -filter {CELL_NAME=~"pcie/design_1_i/ila_0"}] -trigger_now
INFO: [Labtools 27-1964] The ILA core 'hw_ila_1' trigger was armed at 2019-Dec-11 13:38:36
wait_on_hw_ila [get_hw_ilas -of_objects [get_hw_devices xcu280_0] -filter {CELL_NAME=~"pcie/design_1_i/ila_0"}]
display_hw_ila_data [upload_hw_ila_data [get_hw_ilas -of_objects [get_hw_devices xcu280_0] -filter {CELL_NAME=~"pcie/design_1_i/ila_0"}]]
INFO: [Labtools 27-1966] The ILA core 'hw_ila_1' triggered at 2019-Dec-11 13:38:36
INFO: [Labtools 27-3304] ILA Waveform data saved to file /home/smilo/Desktop/naplesPUalveo/project_1/project_1.hw/backup/hw_ila_data_1.ila. Use Tcl command 'read_hw_ila_data' or Vivado File->Import->Import ILA Data menu item to import the previously saved data.
run_hw_ila [get_hw_ilas -of_objects [get_hw_devices xcu280_0] -filter {CELL_NAME=~"pcie/design_1_i/ila_0"}] -trigger_now
INFO: [Labtools 27-1964] The ILA core 'hw_ila_1' trigger was armed at 2019-Dec-11 13:38:38
wait_on_hw_ila [get_hw_ilas -of_objects [get_hw_devices xcu280_0] -filter {CELL_NAME=~"pcie/design_1_i/ila_0"}]
display_hw_ila_data [upload_hw_ila_data [get_hw_ilas -of_objects [get_hw_devices xcu280_0] -filter {CELL_NAME=~"pcie/design_1_i/ila_0"}]]
INFO: [Labtools 27-1966] The ILA core 'hw_ila_1' triggered at 2019-Dec-11 13:38:38
INFO: [Labtools 27-3304] ILA Waveform data saved to file /home/smilo/Desktop/naplesPUalveo/project_1/project_1.hw/backup/hw_ila_data_1.ila. Use Tcl command 'read_hw_ila_data' or Vivado File->Import->Import ILA Data menu item to import the previously saved data.
run_hw_ila [get_hw_ilas -of_objects [get_hw_devices xcu280_0] -filter {CELL_NAME=~"pcie/design_1_i/ila_0"}] -trigger_now
INFO: [Labtools 27-1964] The ILA core 'hw_ila_1' trigger was armed at 2019-Dec-11 13:38:40
wait_on_hw_ila [get_hw_ilas -of_objects [get_hw_devices xcu280_0] -filter {CELL_NAME=~"pcie/design_1_i/ila_0"}]
display_hw_ila_data [upload_hw_ila_data [get_hw_ilas -of_objects [get_hw_devices xcu280_0] -filter {CELL_NAME=~"pcie/design_1_i/ila_0"}]]
INFO: [Labtools 27-1966] The ILA core 'hw_ila_1' triggered at 2019-Dec-11 13:38:40
INFO: [Labtools 27-3304] ILA Waveform data saved to file /home/smilo/Desktop/naplesPUalveo/project_1/project_1.hw/backup/hw_ila_data_1.ila. Use Tcl command 'read_hw_ila_data' or Vivado File->Import->Import ILA Data menu item to import the previously saved data.
run_hw_ila [get_hw_ilas -of_objects [get_hw_devices xcu280_0] -filter {CELL_NAME=~"pcie/design_1_i/ila_0"}] -trigger_now
INFO: [Labtools 27-1964] The ILA core 'hw_ila_1' trigger was armed at 2019-Dec-11 13:38:42
wait_on_hw_ila [get_hw_ilas -of_objects [get_hw_devices xcu280_0] -filter {CELL_NAME=~"pcie/design_1_i/ila_0"}]
display_hw_ila_data [upload_hw_ila_data [get_hw_ilas -of_objects [get_hw_devices xcu280_0] -filter {CELL_NAME=~"pcie/design_1_i/ila_0"}]]
INFO: [Labtools 27-1966] The ILA core 'hw_ila_1' triggered at 2019-Dec-11 13:38:42
INFO: [Labtools 27-3304] ILA Waveform data saved to file /home/smilo/Desktop/naplesPUalveo/project_1/project_1.hw/backup/hw_ila_data_1.ila. Use Tcl command 'read_hw_ila_data' or Vivado File->Import->Import ILA Data menu item to import the previously saved data.
run_hw_ila [get_hw_ilas -of_objects [get_hw_devices xcu280_0] -filter {CELL_NAME=~"pcie/design_1_i/ila_0"}] -trigger_now
INFO: [Labtools 27-1964] The ILA core 'hw_ila_1' trigger was armed at 2019-Dec-11 13:38:43
wait_on_hw_ila [get_hw_ilas -of_objects [get_hw_devices xcu280_0] -filter {CELL_NAME=~"pcie/design_1_i/ila_0"}]
display_hw_ila_data [upload_hw_ila_data [get_hw_ilas -of_objects [get_hw_devices xcu280_0] -filter {CELL_NAME=~"pcie/design_1_i/ila_0"}]]
INFO: [Labtools 27-1966] The ILA core 'hw_ila_1' triggered at 2019-Dec-11 13:38:43
INFO: [Labtools 27-3304] ILA Waveform data saved to file /home/smilo/Desktop/naplesPUalveo/project_1/project_1.hw/backup/hw_ila_data_1.ila. Use Tcl command 'read_hw_ila_data' or Vivado File->Import->Import ILA Data menu item to import the previously saved data.
run_hw_ila [get_hw_ilas -of_objects [get_hw_devices xcu280_0] -filter {CELL_NAME=~"pcie/design_1_i/ila_0"}] -trigger_now
INFO: [Labtools 27-1964] The ILA core 'hw_ila_1' trigger was armed at 2019-Dec-11 13:38:46
wait_on_hw_ila [get_hw_ilas -of_objects [get_hw_devices xcu280_0] -filter {CELL_NAME=~"pcie/design_1_i/ila_0"}]
display_hw_ila_data [upload_hw_ila_data [get_hw_ilas -of_objects [get_hw_devices xcu280_0] -filter {CELL_NAME=~"pcie/design_1_i/ila_0"}]]
INFO: [Labtools 27-1966] The ILA core 'hw_ila_1' triggered at 2019-Dec-11 13:38:46
INFO: [Labtools 27-3304] ILA Waveform data saved to file /home/smilo/Desktop/naplesPUalveo/project_1/project_1.hw/backup/hw_ila_data_1.ila. Use Tcl command 'read_hw_ila_data' or Vivado File->Import->Import ILA Data menu item to import the previously saved data.
run_hw_ila [get_hw_ilas -of_objects [get_hw_devices xcu280_0] -filter {CELL_NAME=~"pcie/design_1_i/ila_0"}] -trigger_now
INFO: [Labtools 27-1964] The ILA core 'hw_ila_1' trigger was armed at 2019-Dec-11 13:38:47
wait_on_hw_ila [get_hw_ilas -of_objects [get_hw_devices xcu280_0] -filter {CELL_NAME=~"pcie/design_1_i/ila_0"}]
display_hw_ila_data [upload_hw_ila_data [get_hw_ilas -of_objects [get_hw_devices xcu280_0] -filter {CELL_NAME=~"pcie/design_1_i/ila_0"}]]
INFO: [Labtools 27-1966] The ILA core 'hw_ila_1' triggered at 2019-Dec-11 13:38:47
INFO: [Labtools 27-3304] ILA Waveform data saved to file /home/smilo/Desktop/naplesPUalveo/project_1/project_1.hw/backup/hw_ila_data_1.ila. Use Tcl command 'read_hw_ila_data' or Vivado File->Import->Import ILA Data menu item to import the previously saved data.
run_hw_ila [get_hw_ilas -of_objects [get_hw_devices xcu280_0] -filter {CELL_NAME=~"pcie/design_1_i/ila_0"}] -trigger_now
INFO: [Labtools 27-1964] The ILA core 'hw_ila_1' trigger was armed at 2019-Dec-11 13:38:49
wait_on_hw_ila [get_hw_ilas -of_objects [get_hw_devices xcu280_0] -filter {CELL_NAME=~"pcie/design_1_i/ila_0"}]
display_hw_ila_data [upload_hw_ila_data [get_hw_ilas -of_objects [get_hw_devices xcu280_0] -filter {CELL_NAME=~"pcie/design_1_i/ila_0"}]]
INFO: [Labtools 27-1966] The ILA core 'hw_ila_1' triggered at 2019-Dec-11 13:38:49
INFO: [Labtools 27-3304] ILA Waveform data saved to file /home/smilo/Desktop/naplesPUalveo/project_1/project_1.hw/backup/hw_ila_data_1.ila. Use Tcl command 'read_hw_ila_data' or Vivado File->Import->Import ILA Data menu item to import the previously saved data.
run_hw_ila [get_hw_ilas -of_objects [get_hw_devices xcu280_0] -filter {CELL_NAME=~"pcie/design_1_i/ila_0"}] -trigger_now
INFO: [Labtools 27-1964] The ILA core 'hw_ila_1' trigger was armed at 2019-Dec-11 13:38:51
wait_on_hw_ila [get_hw_ilas -of_objects [get_hw_devices xcu280_0] -filter {CELL_NAME=~"pcie/design_1_i/ila_0"}]
display_hw_ila_data [upload_hw_ila_data [get_hw_ilas -of_objects [get_hw_devices xcu280_0] -filter {CELL_NAME=~"pcie/design_1_i/ila_0"}]]
INFO: [Labtools 27-1966] The ILA core 'hw_ila_1' triggered at 2019-Dec-11 13:38:51
INFO: [Labtools 27-3304] ILA Waveform data saved to file /home/smilo/Desktop/naplesPUalveo/project_1/project_1.hw/backup/hw_ila_data_1.ila. Use Tcl command 'read_hw_ila_data' or Vivado File->Import->Import ILA Data menu item to import the previously saved data.
run_hw_ila [get_hw_ilas -of_objects [get_hw_devices xcu280_0] -filter {CELL_NAME=~"pcie/design_1_i/ila_0"}] -trigger_now
INFO: [Labtools 27-1964] The ILA core 'hw_ila_1' trigger was armed at 2019-Dec-11 13:38:53
wait_on_hw_ila [get_hw_ilas -of_objects [get_hw_devices xcu280_0] -filter {CELL_NAME=~"pcie/design_1_i/ila_0"}]
display_hw_ila_data [upload_hw_ila_data [get_hw_ilas -of_objects [get_hw_devices xcu280_0] -filter {CELL_NAME=~"pcie/design_1_i/ila_0"}]]
INFO: [Labtools 27-1966] The ILA core 'hw_ila_1' triggered at 2019-Dec-11 13:38:53
INFO: [Labtools 27-3304] ILA Waveform data saved to file /home/smilo/Desktop/naplesPUalveo/project_1/project_1.hw/backup/hw_ila_data_1.ila. Use Tcl command 'read_hw_ila_data' or Vivado File->Import->Import ILA Data menu item to import the previously saved data.
run_hw_ila [get_hw_ilas -of_objects [get_hw_devices xcu280_0] -filter {CELL_NAME=~"pcie/design_1_i/ila_0"}] -trigger_now
INFO: [Labtools 27-1964] The ILA core 'hw_ila_1' trigger was armed at 2019-Dec-11 13:38:55
wait_on_hw_ila [get_hw_ilas -of_objects [get_hw_devices xcu280_0] -filter {CELL_NAME=~"pcie/design_1_i/ila_0"}]
display_hw_ila_data [upload_hw_ila_data [get_hw_ilas -of_objects [get_hw_devices xcu280_0] -filter {CELL_NAME=~"pcie/design_1_i/ila_0"}]]
INFO: [Labtools 27-1966] The ILA core 'hw_ila_1' triggered at 2019-Dec-11 13:38:55
INFO: [Labtools 27-3304] ILA Waveform data saved to file /home/smilo/Desktop/naplesPUalveo/project_1/project_1.hw/backup/hw_ila_data_1.ila. Use Tcl command 'read_hw_ila_data' or Vivado File->Import->Import ILA Data menu item to import the previously saved data.
run_hw_ila [get_hw_ilas -of_objects [get_hw_devices xcu280_0] -filter {CELL_NAME=~"pcie/design_1_i/ila_0"}] -trigger_now
INFO: [Labtools 27-1964] The ILA core 'hw_ila_1' trigger was armed at 2019-Dec-11 13:38:57
wait_on_hw_ila [get_hw_ilas -of_objects [get_hw_devices xcu280_0] -filter {CELL_NAME=~"pcie/design_1_i/ila_0"}]
display_hw_ila_data [upload_hw_ila_data [get_hw_ilas -of_objects [get_hw_devices xcu280_0] -filter {CELL_NAME=~"pcie/design_1_i/ila_0"}]]
INFO: [Labtools 27-1966] The ILA core 'hw_ila_1' triggered at 2019-Dec-11 13:38:57
INFO: [Labtools 27-3304] ILA Waveform data saved to file /home/smilo/Desktop/naplesPUalveo/project_1/project_1.hw/backup/hw_ila_data_1.ila. Use Tcl command 'read_hw_ila_data' or Vivado File->Import->Import ILA Data menu item to import the previously saved data.
run_hw_ila [get_hw_ilas -of_objects [get_hw_devices xcu280_0] -filter {CELL_NAME=~"pcie/design_1_i/ila_0"}] -trigger_now
INFO: [Labtools 27-1964] The ILA core 'hw_ila_1' trigger was armed at 2019-Dec-11 13:38:59
wait_on_hw_ila [get_hw_ilas -of_objects [get_hw_devices xcu280_0] -filter {CELL_NAME=~"pcie/design_1_i/ila_0"}]
display_hw_ila_data [upload_hw_ila_data [get_hw_ilas -of_objects [get_hw_devices xcu280_0] -filter {CELL_NAME=~"pcie/design_1_i/ila_0"}]]
INFO: [Labtools 27-1966] The ILA core 'hw_ila_1' triggered at 2019-Dec-11 13:38:59
INFO: [Labtools 27-3304] ILA Waveform data saved to file /home/smilo/Desktop/naplesPUalveo/project_1/project_1.hw/backup/hw_ila_data_1.ila. Use Tcl command 'read_hw_ila_data' or Vivado File->Import->Import ILA Data menu item to import the previously saved data.
run_hw_ila [get_hw_ilas -of_objects [get_hw_devices xcu280_0] -filter {CELL_NAME=~"pcie/design_1_i/ila_0"}] -trigger_now
INFO: [Labtools 27-1964] The ILA core 'hw_ila_1' trigger was armed at 2019-Dec-11 13:39:00
wait_on_hw_ila [get_hw_ilas -of_objects [get_hw_devices xcu280_0] -filter {CELL_NAME=~"pcie/design_1_i/ila_0"}]
display_hw_ila_data [upload_hw_ila_data [get_hw_ilas -of_objects [get_hw_devices xcu280_0] -filter {CELL_NAME=~"pcie/design_1_i/ila_0"}]]
INFO: [Labtools 27-1966] The ILA core 'hw_ila_1' triggered at 2019-Dec-11 13:39:00
INFO: [Labtools 27-3304] ILA Waveform data saved to file /home/smilo/Desktop/naplesPUalveo/project_1/project_1.hw/backup/hw_ila_data_1.ila. Use Tcl command 'read_hw_ila_data' or Vivado File->Import->Import ILA Data menu item to import the previously saved data.
run_hw_ila [get_hw_ilas -of_objects [get_hw_devices xcu280_0] -filter {CELL_NAME=~"pcie/design_1_i/ila_0"}] -trigger_now
INFO: [Labtools 27-1964] The ILA core 'hw_ila_1' trigger was armed at 2019-Dec-11 13:39:02
wait_on_hw_ila [get_hw_ilas -of_objects [get_hw_devices xcu280_0] -filter {CELL_NAME=~"pcie/design_1_i/ila_0"}]
display_hw_ila_data [upload_hw_ila_data [get_hw_ilas -of_objects [get_hw_devices xcu280_0] -filter {CELL_NAME=~"pcie/design_1_i/ila_0"}]]
INFO: [Labtools 27-1966] The ILA core 'hw_ila_1' triggered at 2019-Dec-11 13:39:02
INFO: [Labtools 27-3304] ILA Waveform data saved to file /home/smilo/Desktop/naplesPUalveo/project_1/project_1.hw/backup/hw_ila_data_1.ila. Use Tcl command 'read_hw_ila_data' or Vivado File->Import->Import ILA Data menu item to import the previously saved data.
run_hw_ila [get_hw_ilas -of_objects [get_hw_devices xcu280_0] -filter {CELL_NAME=~"pcie/design_1_i/ila_0"}] -trigger_now
INFO: [Labtools 27-1964] The ILA core 'hw_ila_1' trigger was armed at 2019-Dec-11 13:39:04
wait_on_hw_ila [get_hw_ilas -of_objects [get_hw_devices xcu280_0] -filter {CELL_NAME=~"pcie/design_1_i/ila_0"}]
display_hw_ila_data [upload_hw_ila_data [get_hw_ilas -of_objects [get_hw_devices xcu280_0] -filter {CELL_NAME=~"pcie/design_1_i/ila_0"}]]
INFO: [Labtools 27-1966] The ILA core 'hw_ila_1' triggered at 2019-Dec-11 13:39:04
INFO: [Labtools 27-3304] ILA Waveform data saved to file /home/smilo/Desktop/naplesPUalveo/project_1/project_1.hw/backup/hw_ila_data_1.ila. Use Tcl command 'read_hw_ila_data' or Vivado File->Import->Import ILA Data menu item to import the previously saved data.
run_hw_ila [get_hw_ilas -of_objects [get_hw_devices xcu280_0] -filter {CELL_NAME=~"pcie/design_1_i/ila_0"}] -trigger_now
INFO: [Labtools 27-1964] The ILA core 'hw_ila_1' trigger was armed at 2019-Dec-11 13:39:06
wait_on_hw_ila [get_hw_ilas -of_objects [get_hw_devices xcu280_0] -filter {CELL_NAME=~"pcie/design_1_i/ila_0"}]
display_hw_ila_data [upload_hw_ila_data [get_hw_ilas -of_objects [get_hw_devices xcu280_0] -filter {CELL_NAME=~"pcie/design_1_i/ila_0"}]]
INFO: [Labtools 27-1966] The ILA core 'hw_ila_1' triggered at 2019-Dec-11 13:39:06
INFO: [Labtools 27-3304] ILA Waveform data saved to file /home/smilo/Desktop/naplesPUalveo/project_1/project_1.hw/backup/hw_ila_data_1.ila. Use Tcl command 'read_hw_ila_data' or Vivado File->Import->Import ILA Data menu item to import the previously saved data.
run_hw_ila [get_hw_ilas -of_objects [get_hw_devices xcu280_0] -filter {CELL_NAME=~"pcie/design_1_i/ila_0"}] -trigger_now
INFO: [Labtools 27-1964] The ILA core 'hw_ila_1' trigger was armed at 2019-Dec-11 13:39:08
wait_on_hw_ila [get_hw_ilas -of_objects [get_hw_devices xcu280_0] -filter {CELL_NAME=~"pcie/design_1_i/ila_0"}]
display_hw_ila_data [upload_hw_ila_data [get_hw_ilas -of_objects [get_hw_devices xcu280_0] -filter {CELL_NAME=~"pcie/design_1_i/ila_0"}]]
INFO: [Labtools 27-1966] The ILA core 'hw_ila_1' triggered at 2019-Dec-11 13:39:08
INFO: [Labtools 27-3304] ILA Waveform data saved to file /home/smilo/Desktop/naplesPUalveo/project_1/project_1.hw/backup/hw_ila_data_1.ila. Use Tcl command 'read_hw_ila_data' or Vivado File->Import->Import ILA Data menu item to import the previously saved data.
run_hw_ila [get_hw_ilas -of_objects [get_hw_devices xcu280_0] -filter {CELL_NAME=~"pcie/design_1_i/ila_0"}] -trigger_now
INFO: [Labtools 27-1964] The ILA core 'hw_ila_1' trigger was armed at 2019-Dec-11 13:39:10
wait_on_hw_ila [get_hw_ilas -of_objects [get_hw_devices xcu280_0] -filter {CELL_NAME=~"pcie/design_1_i/ila_0"}]
display_hw_ila_data [upload_hw_ila_data [get_hw_ilas -of_objects [get_hw_devices xcu280_0] -filter {CELL_NAME=~"pcie/design_1_i/ila_0"}]]
INFO: [Labtools 27-1966] The ILA core 'hw_ila_1' triggered at 2019-Dec-11 13:39:10
INFO: [Labtools 27-3304] ILA Waveform data saved to file /home/smilo/Desktop/naplesPUalveo/project_1/project_1.hw/backup/hw_ila_data_1.ila. Use Tcl command 'read_hw_ila_data' or Vivado File->Import->Import ILA Data menu item to import the previously saved data.
run_hw_ila [get_hw_ilas -of_objects [get_hw_devices xcu280_0] -filter {CELL_NAME=~"pcie/design_1_i/ila_0"}] -trigger_now
INFO: [Labtools 27-1964] The ILA core 'hw_ila_1' trigger was armed at 2019-Dec-11 13:39:11
wait_on_hw_ila [get_hw_ilas -of_objects [get_hw_devices xcu280_0] -filter {CELL_NAME=~"pcie/design_1_i/ila_0"}]
display_hw_ila_data [upload_hw_ila_data [get_hw_ilas -of_objects [get_hw_devices xcu280_0] -filter {CELL_NAME=~"pcie/design_1_i/ila_0"}]]
INFO: [Labtools 27-1966] The ILA core 'hw_ila_1' triggered at 2019-Dec-11 13:39:11
INFO: [Labtools 27-3304] ILA Waveform data saved to file /home/smilo/Desktop/naplesPUalveo/project_1/project_1.hw/backup/hw_ila_data_1.ila. Use Tcl command 'read_hw_ila_data' or Vivado File->Import->Import ILA Data menu item to import the previously saved data.
run_hw_ila [get_hw_ilas -of_objects [get_hw_devices xcu280_0] -filter {CELL_NAME=~"pcie/design_1_i/ila_0"}] -trigger_now
INFO: [Labtools 27-1964] The ILA core 'hw_ila_1' trigger was armed at 2019-Dec-11 13:39:13
wait_on_hw_ila [get_hw_ilas -of_objects [get_hw_devices xcu280_0] -filter {CELL_NAME=~"pcie/design_1_i/ila_0"}]
display_hw_ila_data [upload_hw_ila_data [get_hw_ilas -of_objects [get_hw_devices xcu280_0] -filter {CELL_NAME=~"pcie/design_1_i/ila_0"}]]
INFO: [Labtools 27-1966] The ILA core 'hw_ila_1' triggered at 2019-Dec-11 13:39:13
INFO: [Labtools 27-3304] ILA Waveform data saved to file /home/smilo/Desktop/naplesPUalveo/project_1/project_1.hw/backup/hw_ila_data_1.ila. Use Tcl command 'read_hw_ila_data' or Vivado File->Import->Import ILA Data menu item to import the previously saved data.
run_hw_ila [get_hw_ilas -of_objects [get_hw_devices xcu280_0] -filter {CELL_NAME=~"pcie/design_1_i/ila_0"}] -trigger_now
INFO: [Labtools 27-1964] The ILA core 'hw_ila_1' trigger was armed at 2019-Dec-11 13:39:15
wait_on_hw_ila [get_hw_ilas -of_objects [get_hw_devices xcu280_0] -filter {CELL_NAME=~"pcie/design_1_i/ila_0"}]
display_hw_ila_data [upload_hw_ila_data [get_hw_ilas -of_objects [get_hw_devices xcu280_0] -filter {CELL_NAME=~"pcie/design_1_i/ila_0"}]]
INFO: [Labtools 27-1966] The ILA core 'hw_ila_1' triggered at 2019-Dec-11 13:39:15
INFO: [Labtools 27-3304] ILA Waveform data saved to file /home/smilo/Desktop/naplesPUalveo/project_1/project_1.hw/backup/hw_ila_data_1.ila. Use Tcl command 'read_hw_ila_data' or Vivado File->Import->Import ILA Data menu item to import the previously saved data.
run_hw_ila [get_hw_ilas -of_objects [get_hw_devices xcu280_0] -filter {CELL_NAME=~"pcie/design_1_i/ila_0"}] -trigger_now
INFO: [Labtools 27-1964] The ILA core 'hw_ila_1' trigger was armed at 2019-Dec-11 13:39:17
wait_on_hw_ila [get_hw_ilas -of_objects [get_hw_devices xcu280_0] -filter {CELL_NAME=~"pcie/design_1_i/ila_0"}]
display_hw_ila_data [upload_hw_ila_data [get_hw_ilas -of_objects [get_hw_devices xcu280_0] -filter {CELL_NAME=~"pcie/design_1_i/ila_0"}]]
INFO: [Labtools 27-1966] The ILA core 'hw_ila_1' triggered at 2019-Dec-11 13:39:17
INFO: [Labtools 27-3304] ILA Waveform data saved to file /home/smilo/Desktop/naplesPUalveo/project_1/project_1.hw/backup/hw_ila_data_1.ila. Use Tcl command 'read_hw_ila_data' or Vivado File->Import->Import ILA Data menu item to import the previously saved data.
run_hw_ila [get_hw_ilas -of_objects [get_hw_devices xcu280_0] -filter {CELL_NAME=~"pcie/design_1_i/ila_0"}] -trigger_now
INFO: [Labtools 27-1964] The ILA core 'hw_ila_1' trigger was armed at 2019-Dec-11 13:39:19
wait_on_hw_ila [get_hw_ilas -of_objects [get_hw_devices xcu280_0] -filter {CELL_NAME=~"pcie/design_1_i/ila_0"}]
display_hw_ila_data [upload_hw_ila_data [get_hw_ilas -of_objects [get_hw_devices xcu280_0] -filter {CELL_NAME=~"pcie/design_1_i/ila_0"}]]
INFO: [Labtools 27-1966] The ILA core 'hw_ila_1' triggered at 2019-Dec-11 13:39:19
INFO: [Labtools 27-3304] ILA Waveform data saved to file /home/smilo/Desktop/naplesPUalveo/project_1/project_1.hw/backup/hw_ila_data_1.ila. Use Tcl command 'read_hw_ila_data' or Vivado File->Import->Import ILA Data menu item to import the previously saved data.
run_hw_ila [get_hw_ilas -of_objects [get_hw_devices xcu280_0] -filter {CELL_NAME=~"pcie/design_1_i/ila_0"}] -trigger_now
INFO: [Labtools 27-1964] The ILA core 'hw_ila_1' trigger was armed at 2019-Dec-11 13:39:24
wait_on_hw_ila [get_hw_ilas -of_objects [get_hw_devices xcu280_0] -filter {CELL_NAME=~"pcie/design_1_i/ila_0"}]
display_hw_ila_data [upload_hw_ila_data [get_hw_ilas -of_objects [get_hw_devices xcu280_0] -filter {CELL_NAME=~"pcie/design_1_i/ila_0"}]]
INFO: [Labtools 27-1966] The ILA core 'hw_ila_1' triggered at 2019-Dec-11 13:39:24
INFO: [Labtools 27-3304] ILA Waveform data saved to file /home/smilo/Desktop/naplesPUalveo/project_1/project_1.hw/backup/hw_ila_data_1.ila. Use Tcl command 'read_hw_ila_data' or Vivado File->Import->Import ILA Data menu item to import the previously saved data.
run_hw_ila [get_hw_ilas -of_objects [get_hw_devices xcu280_0] -filter {CELL_NAME=~"pcie/design_1_i/ila_0"}] -trigger_now
INFO: [Labtools 27-1964] The ILA core 'hw_ila_1' trigger was armed at 2019-Dec-11 13:39:26
wait_on_hw_ila [get_hw_ilas -of_objects [get_hw_devices xcu280_0] -filter {CELL_NAME=~"pcie/design_1_i/ila_0"}]
display_hw_ila_data [upload_hw_ila_data [get_hw_ilas -of_objects [get_hw_devices xcu280_0] -filter {CELL_NAME=~"pcie/design_1_i/ila_0"}]]
INFO: [Labtools 27-1966] The ILA core 'hw_ila_1' triggered at 2019-Dec-11 13:39:26
INFO: [Labtools 27-3304] ILA Waveform data saved to file /home/smilo/Desktop/naplesPUalveo/project_1/project_1.hw/backup/hw_ila_data_1.ila. Use Tcl command 'read_hw_ila_data' or Vivado File->Import->Import ILA Data menu item to import the previously saved data.
run_hw_ila [get_hw_ilas -of_objects [get_hw_devices xcu280_0] -filter {CELL_NAME=~"pcie/design_1_i/ila_0"}] -trigger_now
INFO: [Labtools 27-1964] The ILA core 'hw_ila_1' trigger was armed at 2019-Dec-11 13:39:28
wait_on_hw_ila [get_hw_ilas -of_objects [get_hw_devices xcu280_0] -filter {CELL_NAME=~"pcie/design_1_i/ila_0"}]
display_hw_ila_data [upload_hw_ila_data [get_hw_ilas -of_objects [get_hw_devices xcu280_0] -filter {CELL_NAME=~"pcie/design_1_i/ila_0"}]]
INFO: [Labtools 27-1966] The ILA core 'hw_ila_1' triggered at 2019-Dec-11 13:39:28
INFO: [Labtools 27-3304] ILA Waveform data saved to file /home/smilo/Desktop/naplesPUalveo/project_1/project_1.hw/backup/hw_ila_data_1.ila. Use Tcl command 'read_hw_ila_data' or Vivado File->Import->Import ILA Data menu item to import the previously saved data.
run_hw_ila [get_hw_ilas -of_objects [get_hw_devices xcu280_0] -filter {CELL_NAME=~"pcie/design_1_i/ila_0"}] -trigger_now
INFO: [Labtools 27-1964] The ILA core 'hw_ila_1' trigger was armed at 2019-Dec-11 13:39:30
wait_on_hw_ila [get_hw_ilas -of_objects [get_hw_devices xcu280_0] -filter {CELL_NAME=~"pcie/design_1_i/ila_0"}]
display_hw_ila_data [upload_hw_ila_data [get_hw_ilas -of_objects [get_hw_devices xcu280_0] -filter {CELL_NAME=~"pcie/design_1_i/ila_0"}]]
INFO: [Labtools 27-1966] The ILA core 'hw_ila_1' triggered at 2019-Dec-11 13:39:30
INFO: [Labtools 27-3304] ILA Waveform data saved to file /home/smilo/Desktop/naplesPUalveo/project_1/project_1.hw/backup/hw_ila_data_1.ila. Use Tcl command 'read_hw_ila_data' or Vivado File->Import->Import ILA Data menu item to import the previously saved data.
run_hw_ila [get_hw_ilas -of_objects [get_hw_devices xcu280_0] -filter {CELL_NAME=~"pcie/design_1_i/ila_0"}] -trigger_now
INFO: [Labtools 27-1964] The ILA core 'hw_ila_1' trigger was armed at 2019-Dec-11 13:39:32
wait_on_hw_ila [get_hw_ilas -of_objects [get_hw_devices xcu280_0] -filter {CELL_NAME=~"pcie/design_1_i/ila_0"}]
display_hw_ila_data [upload_hw_ila_data [get_hw_ilas -of_objects [get_hw_devices xcu280_0] -filter {CELL_NAME=~"pcie/design_1_i/ila_0"}]]
INFO: [Labtools 27-1966] The ILA core 'hw_ila_1' triggered at 2019-Dec-11 13:39:32
INFO: [Labtools 27-3304] ILA Waveform data saved to file /home/smilo/Desktop/naplesPUalveo/project_1/project_1.hw/backup/hw_ila_data_1.ila. Use Tcl command 'read_hw_ila_data' or Vivado File->Import->Import ILA Data menu item to import the previously saved data.
run_hw_ila [get_hw_ilas -of_objects [get_hw_devices xcu280_0] -filter {CELL_NAME=~"pcie/design_1_i/ila_0"}] -trigger_now
INFO: [Labtools 27-1964] The ILA core 'hw_ila_1' trigger was armed at 2019-Dec-11 13:39:34
wait_on_hw_ila [get_hw_ilas -of_objects [get_hw_devices xcu280_0] -filter {CELL_NAME=~"pcie/design_1_i/ila_0"}]
display_hw_ila_data [upload_hw_ila_data [get_hw_ilas -of_objects [get_hw_devices xcu280_0] -filter {CELL_NAME=~"pcie/design_1_i/ila_0"}]]
INFO: [Labtools 27-1966] The ILA core 'hw_ila_1' triggered at 2019-Dec-11 13:39:34
INFO: [Labtools 27-3304] ILA Waveform data saved to file /home/smilo/Desktop/naplesPUalveo/project_1/project_1.hw/backup/hw_ila_data_1.ila. Use Tcl command 'read_hw_ila_data' or Vivado File->Import->Import ILA Data menu item to import the previously saved data.
run_hw_ila [get_hw_ilas -of_objects [get_hw_devices xcu280_0] -filter {CELL_NAME=~"pcie/design_1_i/ila_0"}] -trigger_now
INFO: [Labtools 27-1964] The ILA core 'hw_ila_1' trigger was armed at 2019-Dec-11 13:39:36
wait_on_hw_ila [get_hw_ilas -of_objects [get_hw_devices xcu280_0] -filter {CELL_NAME=~"pcie/design_1_i/ila_0"}]
display_hw_ila_data [upload_hw_ila_data [get_hw_ilas -of_objects [get_hw_devices xcu280_0] -filter {CELL_NAME=~"pcie/design_1_i/ila_0"}]]
INFO: [Labtools 27-1966] The ILA core 'hw_ila_1' triggered at 2019-Dec-11 13:39:36
INFO: [Labtools 27-3304] ILA Waveform data saved to file /home/smilo/Desktop/naplesPUalveo/project_1/project_1.hw/backup/hw_ila_data_1.ila. Use Tcl command 'read_hw_ila_data' or Vivado File->Import->Import ILA Data menu item to import the previously saved data.
run_hw_ila [get_hw_ilas -of_objects [get_hw_devices xcu280_0] -filter {CELL_NAME=~"pcie/design_1_i/ila_0"}] -trigger_now
INFO: [Labtools 27-1964] The ILA core 'hw_ila_1' trigger was armed at 2019-Dec-11 13:39:37
wait_on_hw_ila [get_hw_ilas -of_objects [get_hw_devices xcu280_0] -filter {CELL_NAME=~"pcie/design_1_i/ila_0"}]
display_hw_ila_data [upload_hw_ila_data [get_hw_ilas -of_objects [get_hw_devices xcu280_0] -filter {CELL_NAME=~"pcie/design_1_i/ila_0"}]]
INFO: [Labtools 27-1966] The ILA core 'hw_ila_1' triggered at 2019-Dec-11 13:39:37
INFO: [Labtools 27-3304] ILA Waveform data saved to file /home/smilo/Desktop/naplesPUalveo/project_1/project_1.hw/backup/hw_ila_data_1.ila. Use Tcl command 'read_hw_ila_data' or Vivado File->Import->Import ILA Data menu item to import the previously saved data.
run_hw_ila [get_hw_ilas -of_objects [get_hw_devices xcu280_0] -filter {CELL_NAME=~"pcie/design_1_i/ila_0"}] -trigger_now
INFO: [Labtools 27-1964] The ILA core 'hw_ila_1' trigger was armed at 2019-Dec-11 13:39:43
wait_on_hw_ila [get_hw_ilas -of_objects [get_hw_devices xcu280_0] -filter {CELL_NAME=~"pcie/design_1_i/ila_0"}]
display_hw_ila_data [upload_hw_ila_data [get_hw_ilas -of_objects [get_hw_devices xcu280_0] -filter {CELL_NAME=~"pcie/design_1_i/ila_0"}]]
INFO: [Labtools 27-1966] The ILA core 'hw_ila_1' triggered at 2019-Dec-11 13:39:43
INFO: [Labtools 27-3304] ILA Waveform data saved to file /home/smilo/Desktop/naplesPUalveo/project_1/project_1.hw/backup/hw_ila_data_1.ila. Use Tcl command 'read_hw_ila_data' or Vivado File->Import->Import ILA Data menu item to import the previously saved data.
run_hw_ila [get_hw_ilas -of_objects [get_hw_devices xcu280_0] -filter {CELL_NAME=~"pcie/design_1_i/ila_0"}] -trigger_now
INFO: [Labtools 27-1964] The ILA core 'hw_ila_1' trigger was armed at 2019-Dec-11 13:39:45
wait_on_hw_ila [get_hw_ilas -of_objects [get_hw_devices xcu280_0] -filter {CELL_NAME=~"pcie/design_1_i/ila_0"}]
display_hw_ila_data [upload_hw_ila_data [get_hw_ilas -of_objects [get_hw_devices xcu280_0] -filter {CELL_NAME=~"pcie/design_1_i/ila_0"}]]
INFO: [Labtools 27-1966] The ILA core 'hw_ila_1' triggered at 2019-Dec-11 13:39:45
INFO: [Labtools 27-3304] ILA Waveform data saved to file /home/smilo/Desktop/naplesPUalveo/project_1/project_1.hw/backup/hw_ila_data_1.ila. Use Tcl command 'read_hw_ila_data' or Vivado File->Import->Import ILA Data menu item to import the previously saved data.
run_hw_ila [get_hw_ilas -of_objects [get_hw_devices xcu280_0] -filter {CELL_NAME=~"pcie/design_1_i/ila_0"}] -trigger_now
INFO: [Labtools 27-1964] The ILA core 'hw_ila_1' trigger was armed at 2019-Dec-11 13:39:47
wait_on_hw_ila [get_hw_ilas -of_objects [get_hw_devices xcu280_0] -filter {CELL_NAME=~"pcie/design_1_i/ila_0"}]
display_hw_ila_data [upload_hw_ila_data [get_hw_ilas -of_objects [get_hw_devices xcu280_0] -filter {CELL_NAME=~"pcie/design_1_i/ila_0"}]]
INFO: [Labtools 27-1966] The ILA core 'hw_ila_1' triggered at 2019-Dec-11 13:39:47
INFO: [Labtools 27-3304] ILA Waveform data saved to file /home/smilo/Desktop/naplesPUalveo/project_1/project_1.hw/backup/hw_ila_data_1.ila. Use Tcl command 'read_hw_ila_data' or Vivado File->Import->Import ILA Data menu item to import the previously saved data.
run_hw_ila [get_hw_ilas -of_objects [get_hw_devices xcu280_0] -filter {CELL_NAME=~"pcie/design_1_i/ila_0"}] -trigger_now
INFO: [Labtools 27-1964] The ILA core 'hw_ila_1' trigger was armed at 2019-Dec-11 13:39:48
wait_on_hw_ila [get_hw_ilas -of_objects [get_hw_devices xcu280_0] -filter {CELL_NAME=~"pcie/design_1_i/ila_0"}]
display_hw_ila_data [upload_hw_ila_data [get_hw_ilas -of_objects [get_hw_devices xcu280_0] -filter {CELL_NAME=~"pcie/design_1_i/ila_0"}]]
INFO: [Labtools 27-1966] The ILA core 'hw_ila_1' triggered at 2019-Dec-11 13:39:48
INFO: [Labtools 27-3304] ILA Waveform data saved to file /home/smilo/Desktop/naplesPUalveo/project_1/project_1.hw/backup/hw_ila_data_1.ila. Use Tcl command 'read_hw_ila_data' or Vivado File->Import->Import ILA Data menu item to import the previously saved data.
run_hw_ila [get_hw_ilas -of_objects [get_hw_devices xcu280_0] -filter {CELL_NAME=~"pcie/design_1_i/ila_0"}] -trigger_now
INFO: [Labtools 27-1964] The ILA core 'hw_ila_1' trigger was armed at 2019-Dec-11 13:39:50
wait_on_hw_ila [get_hw_ilas -of_objects [get_hw_devices xcu280_0] -filter {CELL_NAME=~"pcie/design_1_i/ila_0"}]
display_hw_ila_data [upload_hw_ila_data [get_hw_ilas -of_objects [get_hw_devices xcu280_0] -filter {CELL_NAME=~"pcie/design_1_i/ila_0"}]]
INFO: [Labtools 27-1966] The ILA core 'hw_ila_1' triggered at 2019-Dec-11 13:39:50
INFO: [Labtools 27-3304] ILA Waveform data saved to file /home/smilo/Desktop/naplesPUalveo/project_1/project_1.hw/backup/hw_ila_data_1.ila. Use Tcl command 'read_hw_ila_data' or Vivado File->Import->Import ILA Data menu item to import the previously saved data.
run_hw_ila [get_hw_ilas -of_objects [get_hw_devices xcu280_0] -filter {CELL_NAME=~"pcie/design_1_i/ila_0"}] -trigger_now
INFO: [Labtools 27-1964] The ILA core 'hw_ila_1' trigger was armed at 2019-Dec-11 13:39:52
INFO: [Common 17-14] Message 'Labtools 27-1964' appears 100 times and further instances of the messages will be disabled. Use the Tcl command set_msg_config to change the current settings.
wait_on_hw_ila [get_hw_ilas -of_objects [get_hw_devices xcu280_0] -filter {CELL_NAME=~"pcie/design_1_i/ila_0"}]
display_hw_ila_data [upload_hw_ila_data [get_hw_ilas -of_objects [get_hw_devices xcu280_0] -filter {CELL_NAME=~"pcie/design_1_i/ila_0"}]]
INFO: [Labtools 27-1966] The ILA core 'hw_ila_1' triggered at 2019-Dec-11 13:39:52
INFO: [Labtools 27-3304] ILA Waveform data saved to file /home/smilo/Desktop/naplesPUalveo/project_1/project_1.hw/backup/hw_ila_data_1.ila. Use Tcl command 'read_hw_ila_data' or Vivado File->Import->Import ILA Data menu item to import the previously saved data.
run_hw_ila [get_hw_ilas -of_objects [get_hw_devices xcu280_0] -filter {CELL_NAME=~"pcie/design_1_i/ila_0"}] -trigger_now
wait_on_hw_ila [get_hw_ilas -of_objects [get_hw_devices xcu280_0] -filter {CELL_NAME=~"pcie/design_1_i/ila_0"}]
display_hw_ila_data [upload_hw_ila_data [get_hw_ilas -of_objects [get_hw_devices xcu280_0] -filter {CELL_NAME=~"pcie/design_1_i/ila_0"}]]
INFO: [Labtools 27-1966] The ILA core 'hw_ila_1' triggered at 2019-Dec-11 13:39:54
INFO: [Labtools 27-3304] ILA Waveform data saved to file /home/smilo/Desktop/naplesPUalveo/project_1/project_1.hw/backup/hw_ila_data_1.ila. Use Tcl command 'read_hw_ila_data' or Vivado File->Import->Import ILA Data menu item to import the previously saved data.
run_hw_ila [get_hw_ilas -of_objects [get_hw_devices xcu280_0] -filter {CELL_NAME=~"pcie/design_1_i/ila_0"}] -trigger_now
wait_on_hw_ila [get_hw_ilas -of_objects [get_hw_devices xcu280_0] -filter {CELL_NAME=~"pcie/design_1_i/ila_0"}]
display_hw_ila_data [upload_hw_ila_data [get_hw_ilas -of_objects [get_hw_devices xcu280_0] -filter {CELL_NAME=~"pcie/design_1_i/ila_0"}]]
INFO: [Labtools 27-1966] The ILA core 'hw_ila_1' triggered at 2019-Dec-11 13:39:56
INFO: [Labtools 27-3304] ILA Waveform data saved to file /home/smilo/Desktop/naplesPUalveo/project_1/project_1.hw/backup/hw_ila_data_1.ila. Use Tcl command 'read_hw_ila_data' or Vivado File->Import->Import ILA Data menu item to import the previously saved data.
run_hw_ila [get_hw_ilas -of_objects [get_hw_devices xcu280_0] -filter {CELL_NAME=~"pcie/design_1_i/ila_0"}] -trigger_now
wait_on_hw_ila [get_hw_ilas -of_objects [get_hw_devices xcu280_0] -filter {CELL_NAME=~"pcie/design_1_i/ila_0"}]
display_hw_ila_data [upload_hw_ila_data [get_hw_ilas -of_objects [get_hw_devices xcu280_0] -filter {CELL_NAME=~"pcie/design_1_i/ila_0"}]]
INFO: [Labtools 27-1966] The ILA core 'hw_ila_1' triggered at 2019-Dec-11 13:39:58
INFO: [Labtools 27-3304] ILA Waveform data saved to file /home/smilo/Desktop/naplesPUalveo/project_1/project_1.hw/backup/hw_ila_data_1.ila. Use Tcl command 'read_hw_ila_data' or Vivado File->Import->Import ILA Data menu item to import the previously saved data.
run_hw_ila [get_hw_ilas -of_objects [get_hw_devices xcu280_0] -filter {CELL_NAME=~"pcie/design_1_i/ila_0"}] -trigger_now
wait_on_hw_ila [get_hw_ilas -of_objects [get_hw_devices xcu280_0] -filter {CELL_NAME=~"pcie/design_1_i/ila_0"}]
display_hw_ila_data [upload_hw_ila_data [get_hw_ilas -of_objects [get_hw_devices xcu280_0] -filter {CELL_NAME=~"pcie/design_1_i/ila_0"}]]
INFO: [Labtools 27-1966] The ILA core 'hw_ila_1' triggered at 2019-Dec-11 13:40:00
INFO: [Labtools 27-3304] ILA Waveform data saved to file /home/smilo/Desktop/naplesPUalveo/project_1/project_1.hw/backup/hw_ila_data_1.ila. Use Tcl command 'read_hw_ila_data' or Vivado File->Import->Import ILA Data menu item to import the previously saved data.
